

times in msec
 clock   self+sourced   self:  sourced script
 clock   elapsed:              other lines

000.010  000.010: --- NVIM STARTING ---
000.245  000.235: locale set
000.502  000.257: inits 1
000.512  000.010: window checked
000.515  000.002: parsing arguments
000.552  000.037: expanding arguments
000.587  000.035: inits 2
001.032  000.445: init highlight
001.033  000.001: waiting for UI
002.369  001.336: done waiting for UI
002.388  000.018: initialized screen early for UI
002.501  000.010  000.010: sourcing /usr/share/nvim/archlinux.vim
002.505  000.033  000.023: sourcing /etc/xdg//nvim/sysinit.vim
012.763  010.241  010.241: sourcing /home/brian/.config/nvim/init.vim
012.769  000.108: sourcing vimrc file(s)
019.189  000.015  000.015: sourcing /home/brian/.config/nvim/ftdetect/cfg.vim
019.220  000.012  000.012: sourcing /home/brian/.config/nvim/ftdetect/conf.vim
019.243  000.009  000.009: sourcing /home/brian/.config/nvim/ftdetect/csv.vim
019.279  000.023  000.023: sourcing /home/brian/.config/nvim/ftdetect/dosini.vim
019.316  000.025  000.025: sourcing /home/brian/.config/nvim/ftdetect/dunstrc.vim
019.348  000.012  000.012: sourcing /home/brian/.config/nvim/ftdetect/fennel.vim
019.375  000.014  000.014: sourcing /home/brian/.config/nvim/ftdetect/lalrpop.vim
019.397  000.010  000.010: sourcing /home/brian/.config/nvim/ftdetect/lua.vim
019.422  000.014  000.014: sourcing /home/brian/.config/nvim/ftdetect/markdown.vim
019.443  000.009  000.009: sourcing /home/brian/.config/nvim/ftdetect/rasi.vim
019.477  000.019  000.019: sourcing /home/brian/.config/nvim/ftdetect/sxhkdrc.vim
019.501  000.011  000.011: sourcing /home/brian/.config/nvim/ftdetect/tex.vim
019.523  000.011  000.011: sourcing /home/brian/.config/nvim/ftdetect/toml.vim
019.546  000.011  000.011: sourcing /home/brian/.config/nvim/ftdetect/yaml.vim
019.657  000.013  000.013: sourcing /usr/share/vim/vimfiles/ftdetect/PKGBUILD.vim
019.692  000.022  000.022: sourcing /usr/share/vim/vimfiles/ftdetect/meson.vim
020.136  000.012  000.012: sourcing /home/brian/.local/share/nvim/site/pack/packer/start/lalrpop.vim/ftdetect/lalrpop.vim
020.168  000.019  000.019: sourcing /home/brian/.local/share/nvim/site/pack/packer/start/nvim-treesitter/ftdetect/query.vim
020.193  000.013  000.013: sourcing /home/brian/.local/share/nvim/site/pack/packer/start/pest.vim/ftdetect/pest.vim
020.214  000.009  000.009: sourcing /home/brian/.local/share/nvim/site/pack/packer/start/vim-fugitive/ftdetect/fugitive.vim
020.364  007.561  007.277: sourcing /usr/share/nvim/runtime/filetype.vim
020.777  000.036  000.036: sourcing /usr/share/nvim/runtime/ftplugin.vim
021.171  000.030  000.030: sourcing /usr/share/nvim/runtime/indent.vim
021.882  000.277  000.277: sourcing /usr/share/nvim/runtime/syntax/syncolor.vim
022.306  000.750  000.474: sourcing /usr/share/nvim/runtime/syntax/synload.vim
022.333  000.826  000.075: sourcing /usr/share/nvim/runtime/syntax/syntax.vim
025.975  000.160  000.160: sourcing /home/brian/.config/nvim/plugin/autocommands.vim
025.998  000.009  000.009: sourcing /home/brian/.config/nvim/plugin/coc_snippets.vim
026.041  000.033  000.033: sourcing /home/brian/.config/nvim/plugin/commands.vim
026.077  000.025  000.025: sourcing /home/brian/.config/nvim/plugin/mappings/command.vim
026.133  000.043  000.043: sourcing /home/brian/.config/nvim/plugin/mappings/insert.vim
026.622  000.473  000.473: sourcing /home/brian/.config/nvim/plugin/mappings/leader.vim
026.814  000.173  000.173: sourcing /home/brian/.config/nvim/plugin/mappings/normal.vim
026.878  000.049  000.049: sourcing /home/brian/.config/nvim/plugin/mappings/terminal.vim
026.904  000.012  000.012: sourcing /home/brian/.config/nvim/plugin/mappings/visual.vim
028.695  000.881  000.881: sourcing /home/brian/.local/share/nvim/site/pack/packer/opt/vim-polyglot/plugin/polyglot.vim
029.842  000.010  000.010: sourcing /home/brian/.local/share/nvim/site/pack/packer/opt/vim-polyglot/ftdetect/polyglot.vim
030.456  000.654  000.644: sourcing /home/brian/.local/share/nvim/site/pack/packer/opt/vim-polyglot/filetype.vim
030.700  000.013  000.013: sourcing /usr/share/nvim/runtime/filetype.vim
031.181  000.013  000.013: sourcing /home/brian/.config/nvim/ftdetect/cfg.vim
031.206  000.013  000.013: sourcing /home/brian/.config/nvim/ftdetect/conf.vim
031.226  000.010  000.010: sourcing /home/brian/.config/nvim/ftdetect/csv.vim
031.260  000.022  000.022: sourcing /home/brian/.config/nvim/ftdetect/dosini.vim
031.284  000.013  000.013: sourcing /home/brian/.config/nvim/ftdetect/dunstrc.vim
031.303  000.009  000.009: sourcing /home/brian/.config/nvim/ftdetect/fennel.vim
031.326  000.013  000.013: sourcing /home/brian/.config/nvim/ftdetect/lalrpop.vim
031.346  000.009  000.009: sourcing /home/brian/.config/nvim/ftdetect/lua.vim
031.368  000.012  000.012: sourcing /home/brian/.config/nvim/ftdetect/markdown.vim
031.387  000.009  000.009: sourcing /home/brian/.config/nvim/ftdetect/rasi.vim
031.410  000.012  000.012: sourcing /home/brian/.config/nvim/ftdetect/sxhkdrc.vim
031.429  000.009  000.009: sourcing /home/brian/.config/nvim/ftdetect/tex.vim
031.448  000.009  000.009: sourcing /home/brian/.config/nvim/ftdetect/toml.vim
031.468  000.009  000.009: sourcing /home/brian/.config/nvim/ftdetect/yaml.vim
031.521  000.012  000.012: sourcing /home/brian/.local/share/nvim/site/pack/packer/opt/vim-polyglot/ftdetect/polyglot.vim
031.631  000.010  000.010: sourcing /home/brian/.local/share/nvim/site/pack/packer/start/vim-fugitive/ftdetect/fugitive.vim
031.782  000.011  000.011: sourcing /home/brian/.local/share/nvim/site/pack/packer/start/pest.vim/ftdetect/pest.vim
031.864  000.018  000.018: sourcing /home/brian/.local/share/nvim/site/pack/packer/start/nvim-treesitter/ftdetect/query.vim
031.939  000.011  000.011: sourcing /home/brian/.local/share/nvim/site/pack/packer/start/lalrpop.vim/ftdetect/lalrpop.vim
032.155  000.011  000.011: sourcing /usr/share/vim/vimfiles/ftdetect/PKGBUILD.vim
032.189  000.022  000.022: sourcing /usr/share/vim/vimfiles/ftdetect/meson.vim
032.590  000.012  000.012: sourcing /home/brian/.local/share/nvim/site/pack/packer/start/lalrpop.vim/ftdetect/lalrpop.vim
032.619  000.016  000.016: sourcing /home/brian/.local/share/nvim/site/pack/packer/start/nvim-treesitter/ftdetect/query.vim
032.641  000.010  000.010: sourcing /home/brian/.local/share/nvim/site/pack/packer/start/pest.vim/ftdetect/pest.vim
032.661  000.008  000.008: sourcing /home/brian/.local/share/nvim/site/pack/packer/start/vim-fugitive/ftdetect/fugitive.vim
049.901  006.719  006.719: sourcing /home/brian/.local/share/nvim/site/pack/packer/opt/vim-polyglot/extras/filetype.vim
052.358  023.617  015.931: sourcing /home/brian/.local/share/nvim/site/pack/packer/opt/vim-polyglot/ftdetect/polyglot.vim
067.574  000.189  000.189: sourcing /usr/share/nvim/runtime/syntax/syncolor.vim
068.706  000.153  000.153: sourcing /usr/share/nvim/runtime/syntax/syncolor.vim
079.764  012.978  012.637: sourcing /home/brian/.local/share/nvim/site/pack/packer/start/gruvbox/colors/gruvbox.vim
081.213  000.395  000.395: sourcing /usr/share/nvim/runtime/syntax/syncolor.vim
083.684  000.335  000.335: sourcing /usr/share/nvim/runtime/syntax/syncolor.vim
094.643  014.669  013.940: sourcing /home/brian/.local/share/nvim/site/pack/packer/start/gruvbox/colors/gruvbox.vim
132.526  000.665  000.665: sourcing /home/brian/.local/share/nvim/site/pack/packer/start/vim-repeat/autoload/repeat.vim
132.698  001.025  000.360: sourcing /home/brian/.local/share/nvim/site/pack/packer/start/vim-sandwich/macros/sandwich/keymap/surround.vim
142.892  000.014  000.014: sourcing /home/brian/.local/share/nvim/site/pack/packer/opt/barbar.nvim/autoload/bufferline.vim
143.347  000.054  000.054: sourcing /home/brian/.local/share/nvim/site/pack/packer/opt/barbar.nvim/autoload/bufferline/highlight.vim
145.681  002.886  002.818: sourcing /home/brian/.local/share/nvim/site/pack/packer/opt/barbar.nvim/plugin/bufferline.vim
146.095  000.100  000.100: sourcing /home/brian/.local/share/nvim/site/pack/packer/opt/nvim-tree.lua/plugin/tree.vim
147.034  000.419  000.419: sourcing /home/brian/.local/share/nvim/site/pack/packer/opt/vim-tmux-navigator/plugin/tmux_navigator.vim
147.491  000.145  000.145: sourcing /home/brian/.local/share/nvim/site/pack/packer/opt/vimux/plugin/vimux.vim
147.968  121.052  064.331: sourcing /home/brian/.config/nvim/plugin/packer_compiled.vim
148.691  000.704  000.704: sourcing /home/brian/.config/nvim/plugin/settings.vim
148.990  000.016  000.016: sourcing /usr/share/nvim/runtime/plugin/gzip.vim
149.013  000.010  000.010: sourcing /usr/share/nvim/runtime/plugin/health.vim
149.151  000.127  000.127: sourcing /usr/share/nvim/runtime/plugin/man.vim
149.906  000.252  000.252: sourcing /usr/share/nvim/runtime/pack/dist/opt/matchit/plugin/matchit.vim
149.949  000.785  000.532: sourcing /usr/share/nvim/runtime/plugin/matchit.vim
150.110  000.148  000.148: sourcing /usr/share/nvim/runtime/plugin/matchparen.vim
150.148  000.019  000.019: sourcing /usr/share/nvim/runtime/plugin/netrwPlugin.vim
150.638  000.477  000.477: sourcing /usr/share/nvim/runtime/plugin/nvim_gui_shim.vim
150.803  000.011  000.011: sourcing /home/brian/.local/share/nvim/rplugin.vim
150.810  000.154  000.143: sourcing /usr/share/nvim/runtime/plugin/rplugin.vim
150.984  000.164  000.164: sourcing /usr/share/nvim/runtime/plugin/shada.vim
151.035  000.027  000.027: sourcing /usr/share/nvim/runtime/plugin/spellfile.vim
151.070  000.018  000.018: sourcing /usr/share/nvim/runtime/plugin/tarPlugin.vim
151.097  000.011  000.011: sourcing /usr/share/nvim/runtime/plugin/tohtml.vim
151.134  000.019  000.019: sourcing /usr/share/nvim/runtime/plugin/tutor.vim
151.168  000.019  000.019: sourcing /usr/share/nvim/runtime/plugin/zipPlugin.vim
151.920  000.675  000.675: sourcing /usr/share/vim/vimfiles/plugin/fzf.vim
152.621  000.677  000.677: sourcing /usr/share/vim/vimfiles/plugin/skim.vim
152.626  005.326: loading plugins
153.183  000.015  000.015: sourcing /home/brian/.local/share/nvim/site/pack/packer/start/aniseed/plugin/aniseed.vim
153.773  000.516  000.516: sourcing /home/brian/.local/share/nvim/site/pack/packer/start/auto-pairs/plugin/auto-pairs.vim
154.206  000.289  000.289: sourcing /home/brian/.local/share/nvim/site/pack/packer/start/completion-nvim/plugin/completion.vim
161.575  007.285  007.285: sourcing /home/brian/.local/share/nvim/site/pack/packer/start/completion-treesitter/plugin/completion-treesitter.vim
161.935  000.277  000.277: sourcing /home/brian/.local/share/nvim/site/pack/packer/start/firenvim/plugin/firenvim.vim
162.028  000.020  000.020: sourcing /home/brian/.local/share/nvim/site/pack/packer/start/fzf/plugin/fzf.vim
163.064  000.970  000.970: sourcing /home/brian/.local/share/nvim/site/pack/packer/start/fzf.vim/plugin/fzf.vim
163.335  000.185  000.185: sourcing /home/brian/.local/share/nvim/site/pack/packer/start/galaxyline.nvim/plugin/galaxyline.vim
163.823  000.019  000.019: sourcing /home/brian/.local/share/nvim/site/pack/packer/start/indent-blankline.nvim/autoload/indent_blankline/helper.vim
165.720  002.252  002.233: sourcing /home/brian/.local/share/nvim/site/pack/packer/start/indent-blankline.nvim/plugin/indent_blankline.vim
165.850  000.015  000.015: sourcing /home/brian/.local/share/nvim/site/pack/packer/start/lalrpop.vim/ftdetect/lalrpop.vim
167.008  001.074  001.074: sourcing /home/brian/.local/share/nvim/site/pack/packer/start/nlua.nvim/plugin/nlua.vim
167.124  000.036  000.036: sourcing /home/brian/.local/share/nvim/site/pack/packer/start/nvim-colorizer.lua/plugin/colorizer.vim
167.250  000.056  000.056: sourcing /home/brian/.local/share/nvim/site/pack/packer/start/nvim-lspconfig/plugin/lspconfig.vim
167.380  000.054  000.054: sourcing /home/brian/.local/share/nvim/site/pack/packer/start/nvim-lsputils/plugin/nvim-lsputils.vim
169.071  001.622  001.622: sourcing /home/brian/.local/share/nvim/site/pack/packer/start/nvim-treesitter/plugin/nvim-treesitter.vim
169.150  000.024  000.024: sourcing /home/brian/.local/share/nvim/site/pack/packer/start/nvim-treesitter/ftdetect/query.vim
170.827  000.032  000.032: sourcing /home/brian/.local/share/nvim/site/pack/packer/start/nvim-treesitter/autoload/nvim_treesitter.vim
171.127  001.912  001.880: sourcing /home/brian/.local/share/nvim/site/pack/packer/start/nvim-treesitter-context/plugin/treesitter-context.vim
171.671  000.436  000.436: sourcing /home/brian/.local/share/nvim/site/pack/packer/start/nvim-treesitter-refactor/plugin/nvim-treesitter-refactor.vim
173.887  002.134  002.134: sourcing /home/brian/.local/share/nvim/site/pack/packer/start/nvim-treesitter-textobjects/plugin/nvim-treesitter-textobjects.vim
174.015  000.047  000.047: sourcing /home/brian/.local/share/nvim/site/pack/packer/start/nvim-web-devicons/plugin/nvim-web-devicons.vim
174.105  000.006  000.006: sourcing /home/brian/.local/share/nvim/site/pack/packer/start/pandoc.nvim/plugin/pandoc.vim
174.179  000.013  000.013: sourcing /home/brian/.local/share/nvim/site/pack/packer/start/pest.vim/ftdetect/pest.vim
176.220  001.982  001.982: sourcing /home/brian/.local/share/nvim/site/pack/packer/start/plenary.nvim/plugin/plenary.vim
176.338  000.039  000.039: sourcing /home/brian/.local/share/nvim/site/pack/packer/start/popfix/plugin/popfix.vim
176.483  000.039  000.039: sourcing /home/brian/.local/share/nvim/site/pack/packer/start/rooter.nvim/plugin/rooter.vim
176.839  000.264  000.264: sourcing /home/brian/.local/share/nvim/site/pack/packer/start/targets.vim/plugin/targets.vim
177.180  000.169  000.169: sourcing /home/brian/.local/share/nvim/site/pack/packer/start/telescope.nvim/plugin/telescope.vim
177.343  000.086  000.086: sourcing /home/brian/.local/share/nvim/site/pack/packer/start/termwrapper.nvim/plugin/termwrapper.vim
177.588  000.172  000.172: sourcing /home/brian/.local/share/nvim/site/pack/packer/start/vim-commentary/plugin/commentary.vim
177.996  000.326  000.326: sourcing /home/brian/.local/share/nvim/site/pack/packer/start/vim-cool/plugin/cool.vim
180.340  002.266  002.266: sourcing /home/brian/.local/share/nvim/site/pack/packer/start/vim-devicons/plugin/webdevicons.vim
180.608  000.178  000.178: sourcing /home/brian/.local/share/nvim/site/pack/packer/start/vim-easy-align/plugin/easy_align.vim
181.073  000.384  000.384: sourcing /home/brian/.local/share/nvim/site/pack/packer/start/vim-floaterm/plugin/floaterm.vim
182.610  001.449  001.449: sourcing /home/brian/.local/share/nvim/site/pack/packer/start/vim-fugitive/plugin/fugitive.vim
182.684  000.013  000.013: sourcing /home/brian/.local/share/nvim/site/pack/packer/start/vim-fugitive/ftdetect/fugitive.vim
182.953  000.061  000.061: sourcing /home/brian/.local/share/nvim/site/pack/packer/start/vim-matchup/autoload/matchup/unmatchit.vim
183.469  000.014  000.014: sourcing /home/brian/.local/share/nvim/site/pack/packer/start/vim-matchup/autoload/matchup/unmatchit.vim
183.982  000.017  000.017: sourcing /usr/share/nvim/runtime/plugin/matchparen.vim
184.951  000.230  000.230: sourcing /home/brian/.local/share/nvim/site/pack/packer/start/vim-matchup/autoload/matchup.vim
185.155  000.103  000.103: sourcing /home/brian/.local/share/nvim/site/pack/packer/start/vim-matchup/autoload/matchup/perf.vim
185.980  000.326  000.326: sourcing /home/brian/.local/share/nvim/site/pack/packer/start/vim-matchup/autoload/matchup/loader.vim
186.714  000.441  000.441: sourcing /home/brian/.local/share/nvim/site/pack/packer/start/vim-matchup/autoload/matchup/matchparen.vim
188.100  005.347  004.154: sourcing /home/brian/.local/share/nvim/site/pack/packer/start/vim-matchup/plugin/matchup.vim
188.813  000.519  000.519: sourcing /home/brian/.local/share/nvim/site/pack/packer/start/vim-sandwich/plugin/operator/sandwich.vim
189.041  000.205  000.205: sourcing /home/brian/.local/share/nvim/site/pack/packer/start/vim-sandwich/plugin/sandwich.vim
189.250  000.188  000.188: sourcing /home/brian/.local/share/nvim/site/pack/packer/start/vim-sandwich/plugin/textobj/sandwich.vim
189.469  000.137  000.137: sourcing /home/brian/.local/share/nvim/site/pack/packer/start/vim-smoothie/plugin/smoothie.vim
189.598  000.046  000.046: sourcing /home/brian/.local/share/nvim/site/pack/packer/start/vim-snippets/plugin/vimsnippets.vim
189.966  000.108  000.108: sourcing /home/brian/.local/share/nvim/site/pack/packer/start/vim-test/autoload/test.vim
190.975  001.286  001.178: sourcing /home/brian/.local/share/nvim/site/pack/packer/start/vim-test/plugin/test.vim
199.231  008.149  008.149: sourcing /home/brian/.local/share/nvim/site/pack/packer/start/vim-unimpaired/plugin/unimpaired.vim
200.125  000.796  000.796: sourcing /home/brian/.local/share/nvim/site/pack/packer/start/vim-vsnip/plugin/vsnip.vim
200.341  000.131  000.131: sourcing /home/brian/.local/share/nvim/site/pack/packer/start/vim-vsnip-integ/plugin/vsnip_integ.vim
200.541  000.128  000.128: sourcing /home/brian/.local/share/nvim/site/pack/packer/start/vim-which-key/plugin/which_key.vim
200.671  004.508: loading packages
200.881  000.024  000.024: sourcing /home/brian/.local/share/nvim/site/pack/packer/start/vim-vsnip-integ/autoload/vsnip_integ/integration.vim
201.007  000.050  000.050: sourcing /home/brian/.local/share/nvim/site/pack/packer/start/vim-vsnip-integ/autoload/vsnip_integ/detection.vim
203.312  002.540  002.465: sourcing /home/brian/.local/share/nvim/site/pack/packer/start/vim-vsnip-integ/after/plugin/vsnip_integ.vim
203.393  000.008  000.008: sourcing /home/brian/.local/share/nvim/site/pack/packer/start/vim-matchup/after/plugin/matchit.vim
203.907  000.449  000.449: sourcing /home/brian/.local/share/nvim/site/pack/packer/start/indentLine/after/plugin/indentLine.vim
204.785  000.797  000.797: sourcing /home/brian/.local/share/nvim/site/pack/packer/start/completion-buffers/after/plugin/completion_buffers.vim
204.874  000.410: loading after plugins
204.888  000.014: inits 3
207.520  002.632: reading ShaDa
209.640  000.034  000.034: sourcing /home/brian/.local/share/nvim/site/pack/packer/start/vim-matchup/autoload/matchup/re.vim
210.066  002.511: opening buffers
214.547  004.481: BufEnter autocommands
214.552  000.005: editing files in windows
215.058  000.029  000.029: sourcing /home/brian/.local/share/nvim/site/pack/packer/start/indent-blankline.nvim/autoload/indent_blankline.vim
215.165  000.584: VimEnter autocommands
215.710  000.302  000.302: sourcing /home/brian/.local/share/nvim/site/pack/packer/start/firenvim/autoload/firenvim.vim
215.740  000.273: UIEnter autocommands
216.256  000.212  000.212: sourcing /usr/share/nvim/runtime/autoload/provider/clipboard.vim
216.262  000.311: before starting main loop
216.587  000.107  000.107: sourcing /home/brian/.local/share/nvim/site/pack/packer/start/vim-matchup/autoload/matchup/pos.vim
219.243  002.873: first screen update
219.252  000.009: --- NVIM STARTED ---
