

times in msec
 clock   self+sourced   self:  sourced script
 clock   elapsed:              other lines

000.011  000.011: --- NVIM STARTING ---
000.544  000.533: locale set
001.212  000.668: inits 1
001.237  000.025: window checked
001.242  000.005: parsing arguments
001.325  000.084: expanding arguments
001.402  000.077: inits 2
002.487  001.086: init highlight
002.491  000.003: waiting for UI
004.532  002.041: done waiting for UI
004.626  000.094: initialized screen early for UI
004.924  000.056  000.056: sourcing $VIM/sysinit.vim
020.263  015.292  015.292: sourcing /home/brian/.config/nvim/init.vim
020.270  000.296: sourcing vimrc file(s)
027.325  000.016  000.016: sourcing /home/brian/.config/nvim/ftdetect/cfg.vim
027.357  000.016  000.016: sourcing /home/brian/.config/nvim/ftdetect/conf.vim
027.382  000.014  000.014: sourcing /home/brian/.config/nvim/ftdetect/csv.vim
027.430  000.036  000.036: sourcing /home/brian/.config/nvim/ftdetect/dosini.vim
027.458  000.015  000.015: sourcing /home/brian/.config/nvim/ftdetect/dunstrc.vim
027.484  000.013  000.013: sourcing /home/brian/.config/nvim/ftdetect/fennel.vim
027.512  000.015  000.015: sourcing /home/brian/.config/nvim/ftdetect/lalrpop.vim
027.538  000.012  000.012: sourcing /home/brian/.config/nvim/ftdetect/lua.vim
027.563  000.013  000.013: sourcing /home/brian/.config/nvim/ftdetect/markdown.vim
027.588  000.012  000.012: sourcing /home/brian/.config/nvim/ftdetect/rasi.vim
027.616  000.016  000.016: sourcing /home/brian/.config/nvim/ftdetect/sxhkdrc.vim
027.638  000.010  000.010: sourcing /home/brian/.config/nvim/ftdetect/tex.vim
027.663  000.010  000.010: sourcing /home/brian/.config/nvim/ftdetect/toml.vim
027.688  000.012  000.012: sourcing /home/brian/.config/nvim/ftdetect/yaml.vim
027.827  000.016  000.016: sourcing /usr/share/vim/vimfiles/ftdetect/PKGBUILD.vim
027.867  000.027  000.027: sourcing /usr/share/vim/vimfiles/ftdetect/meson.vim
028.372  000.014  000.014: sourcing /home/brian/.local/share/nvim/site/pack/packer/start/lalrpop.vim/ftdetect/lalrpop.vim
028.407  000.020  000.020: sourcing /home/brian/.local/share/nvim/site/pack/packer/start/nvim-treesitter/ftdetect/query.vim
028.432  000.011  000.011: sourcing /home/brian/.local/share/nvim/site/pack/packer/start/pest.vim/ftdetect/pest.vim
028.465  000.020  000.020: sourcing /home/brian/.local/share/nvim/site/pack/packer/start/ultisnips/ftdetect/snippets.vim
028.490  000.010  000.010: sourcing /home/brian/.local/share/nvim/site/pack/packer/start/vim-fugitive/ftdetect/fugitive.vim
028.605  008.296  007.971: sourcing /usr/share/nvim/runtime/filetype.vim
028.983  000.037  000.037: sourcing /usr/share/nvim/runtime/ftplugin.vim
029.379  000.057  000.057: sourcing /usr/share/nvim/runtime/indent.vim
030.104  000.285  000.285: sourcing /usr/share/nvim/runtime/syntax/syncolor.vim
030.519  000.760  000.474: sourcing /usr/share/nvim/runtime/syntax/synload.vim
030.549  000.845  000.085: sourcing /usr/share/nvim/runtime/syntax/syntax.vim
034.404  000.152  000.152: sourcing /home/brian/.config/nvim/plugin/autocommands.vim
034.429  000.010  000.010: sourcing /home/brian/.config/nvim/plugin/coc_snippets.vim
034.482  000.038  000.038: sourcing /home/brian/.config/nvim/plugin/commands.vim
034.523  000.025  000.025: sourcing /home/brian/.config/nvim/plugin/mappings/command.vim
034.587  000.052  000.052: sourcing /home/brian/.config/nvim/plugin/mappings/insert.vim
035.180  000.570  000.570: sourcing /home/brian/.config/nvim/plugin/mappings/leader.vim
035.429  000.220  000.220: sourcing /home/brian/.config/nvim/plugin/mappings/normal.vim
035.508  000.062  000.062: sourcing /home/brian/.config/nvim/plugin/mappings/terminal.vim
035.540  000.014  000.014: sourcing /home/brian/.config/nvim/plugin/mappings/visual.vim
036.780  000.213  000.213: sourcing /home/brian/.local/share/nvim/site/pack/packer/opt/vim-polyglot/plugin/polyglot.vim
037.967  000.011  000.011: sourcing /home/brian/.local/share/nvim/site/pack/packer/opt/vim-polyglot/ftdetect/polyglot.vim
038.593  000.673  000.662: sourcing /home/brian/.local/share/nvim/site/pack/packer/opt/vim-polyglot/filetype.vim
038.900  000.015  000.015: sourcing /usr/share/nvim/runtime/filetype.vim
039.330  000.013  000.013: sourcing /home/brian/.config/nvim/ftdetect/cfg.vim
039.374  000.018  000.018: sourcing /home/brian/.config/nvim/ftdetect/conf.vim
039.396  000.010  000.010: sourcing /home/brian/.config/nvim/ftdetect/csv.vim
039.436  000.029  000.029: sourcing /home/brian/.config/nvim/ftdetect/dosini.vim
039.465  000.016  000.016: sourcing /home/brian/.config/nvim/ftdetect/dunstrc.vim
039.486  000.010  000.010: sourcing /home/brian/.config/nvim/ftdetect/fennel.vim
039.511  000.014  000.014: sourcing /home/brian/.config/nvim/ftdetect/lalrpop.vim
039.531  000.010  000.010: sourcing /home/brian/.config/nvim/ftdetect/lua.vim
039.556  000.013  000.013: sourcing /home/brian/.config/nvim/ftdetect/markdown.vim
039.577  000.010  000.010: sourcing /home/brian/.config/nvim/ftdetect/rasi.vim
039.602  000.014  000.014: sourcing /home/brian/.config/nvim/ftdetect/sxhkdrc.vim
039.623  000.010  000.010: sourcing /home/brian/.config/nvim/ftdetect/tex.vim
039.643  000.010  000.010: sourcing /home/brian/.config/nvim/ftdetect/toml.vim
039.663  000.009  000.009: sourcing /home/brian/.config/nvim/ftdetect/yaml.vim
039.723  000.013  000.013: sourcing /home/brian/.local/share/nvim/site/pack/packer/opt/vim-polyglot/ftdetect/polyglot.vim
039.854  000.011  000.011: sourcing /home/brian/.local/share/nvim/site/pack/packer/start/vim-fugitive/ftdetect/fugitive.vim
039.961  000.019  000.019: sourcing /home/brian/.local/share/nvim/site/pack/packer/start/ultisnips/ftdetect/snippets.vim
040.068  000.011  000.011: sourcing /home/brian/.local/share/nvim/site/pack/packer/start/pest.vim/ftdetect/pest.vim
040.162  000.019  000.019: sourcing /home/brian/.local/share/nvim/site/pack/packer/start/nvim-treesitter/ftdetect/query.vim
040.262  000.015  000.015: sourcing /home/brian/.local/share/nvim/site/pack/packer/start/lalrpop.vim/ftdetect/lalrpop.vim
040.538  000.013  000.013: sourcing /usr/share/vim/vimfiles/ftdetect/PKGBUILD.vim
040.576  000.024  000.024: sourcing /usr/share/vim/vimfiles/ftdetect/meson.vim
041.037  000.013  000.013: sourcing /home/brian/.local/share/nvim/site/pack/packer/start/lalrpop.vim/ftdetect/lalrpop.vim
041.068  000.017  000.017: sourcing /home/brian/.local/share/nvim/site/pack/packer/start/nvim-treesitter/ftdetect/query.vim
041.092  000.010  000.010: sourcing /home/brian/.local/share/nvim/site/pack/packer/start/pest.vim/ftdetect/pest.vim
041.120  000.016  000.016: sourcing /home/brian/.local/share/nvim/site/pack/packer/start/ultisnips/ftdetect/snippets.vim
041.143  000.009  000.009: sourcing /home/brian/.local/share/nvim/site/pack/packer/start/vim-fugitive/ftdetect/fugitive.vim
060.302  007.275  007.275: sourcing /home/brian/.local/share/nvim/site/pack/packer/opt/vim-polyglot/extras/filetype.vim
063.126  026.300  017.960: sourcing /home/brian/.local/share/nvim/site/pack/packer/opt/vim-polyglot/ftdetect/polyglot.vim
078.288  000.208  000.208: sourcing /usr/share/nvim/runtime/syntax/syncolor.vim
079.437  000.185  000.185: sourcing /usr/share/nvim/runtime/syntax/syncolor.vim
091.554  014.095  013.701: sourcing /home/brian/.local/share/nvim/site/pack/packer/start/gruvbox/colors/gruvbox.vim
093.002  000.387  000.387: sourcing /usr/share/nvim/runtime/syntax/syncolor.vim
095.413  000.329  000.329: sourcing /usr/share/nvim/runtime/syntax/syncolor.vim
107.282  015.493  014.776: sourcing /home/brian/.local/share/nvim/site/pack/packer/start/gruvbox/colors/gruvbox.vim
151.809  000.540  000.540: sourcing /home/brian/.local/share/nvim/site/pack/packer/start/vim-repeat/autoload/repeat.vim
152.000  000.937  000.397: sourcing /home/brian/.local/share/nvim/site/pack/packer/start/vim-sandwich/macros/sandwich/keymap/surround.vim
152.494  000.117  000.117: sourcing /home/brian/.local/share/nvim/site/pack/packer/opt/nvim-tree.lua/plugin/tree.vim
153.204  000.054  000.054: sourcing /home/brian/.local/share/nvim/site/pack/packer/opt/barbar.nvim/autoload/bufferline.vim
153.470  000.065  000.065: sourcing /home/brian/.local/share/nvim/site/pack/packer/opt/barbar.nvim/autoload/bufferline/highlight.vim
155.578  002.518  002.399: sourcing /home/brian/.local/share/nvim/site/pack/packer/opt/barbar.nvim/plugin/bufferline.vim
156.100  000.192  000.192: sourcing /home/brian/.local/share/nvim/site/pack/packer/opt/vimux/plugin/vimux.vim
156.748  000.275  000.275: sourcing /home/brian/.local/share/nvim/site/pack/packer/opt/vim-tmux-navigator/plugin/tmux_navigator.vim
157.275  121.722  061.583: sourcing /home/brian/.config/nvim/plugin/packer_compiled.vim
158.041  000.747  000.747: sourcing /home/brian/.config/nvim/plugin/settings.vim
158.339  000.017  000.017: sourcing /usr/share/nvim/runtime/plugin/gzip.vim
158.363  000.011  000.011: sourcing /usr/share/nvim/runtime/plugin/health.vim
158.506  000.131  000.131: sourcing /usr/share/nvim/runtime/plugin/man.vim
158.534  000.014  000.014: sourcing /usr/share/nvim/runtime/plugin/matchit.vim
158.570  000.018  000.018: sourcing /usr/share/nvim/runtime/plugin/matchparen.vim
158.608  000.021  000.021: sourcing /usr/share/nvim/runtime/plugin/netrwPlugin.vim
159.128  000.507  000.507: sourcing /usr/share/nvim/runtime/plugin/nvim_gui_shim.vim
159.314  000.011  000.011: sourcing /home/brian/.local/share/nvim/rplugin.vim
159.321  000.173  000.162: sourcing /usr/share/nvim/runtime/plugin/rplugin.vim
159.522  000.189  000.189: sourcing /usr/share/nvim/runtime/plugin/shada.vim
159.579  000.033  000.033: sourcing /usr/share/nvim/runtime/plugin/spellfile.vim
159.618  000.021  000.021: sourcing /usr/share/nvim/runtime/plugin/tarPlugin.vim
159.652  000.014  000.014: sourcing /usr/share/nvim/runtime/plugin/tohtml.vim
159.697  000.028  000.028: sourcing /usr/share/nvim/runtime/plugin/tutor.vim
159.740  000.021  000.021: sourcing /usr/share/nvim/runtime/plugin/zipPlugin.vim
160.532  000.705  000.705: sourcing /usr/share/vim/vimfiles/plugin/fzf.vim
161.307  000.752  000.752: sourcing /usr/share/vim/vimfiles/plugin/skim.vim
161.330  005.558: loading plugins
161.912  000.019  000.019: sourcing /home/brian/.local/share/nvim/site/pack/packer/start/aniseed/plugin/aniseed.vim
162.445  000.453  000.453: sourcing /home/brian/.local/share/nvim/site/pack/packer/start/auto-pairs/plugin/auto-pairs.vim
162.953  000.332  000.332: sourcing /home/brian/.local/share/nvim/site/pack/packer/start/completion-nvim/plugin/completion.vim
169.932  006.890  006.890: sourcing /home/brian/.local/share/nvim/site/pack/packer/start/completion-treesitter/plugin/completion-treesitter.vim
170.170  000.135  000.135: sourcing /home/brian/.local/share/nvim/site/pack/packer/start/diagnostic-nvim/plugin/diagnostic.vim
170.421  000.158  000.158: sourcing /home/brian/.local/share/nvim/site/pack/packer/start/firenvim/plugin/firenvim.vim
170.526  000.021  000.021: sourcing /home/brian/.local/share/nvim/site/pack/packer/start/fzf/plugin/fzf.vim
171.653  001.054  001.054: sourcing /home/brian/.local/share/nvim/site/pack/packer/start/fzf.vim/plugin/fzf.vim
171.950  000.205  000.205: sourcing /home/brian/.local/share/nvim/site/pack/packer/start/galaxyline.nvim/plugin/galaxyline.vim
172.420  000.019  000.019: sourcing /home/brian/.local/share/nvim/site/pack/packer/start/indent-blankline.nvim/autoload/indent_blankline/helper.vim
172.695  000.611  000.592: sourcing /home/brian/.local/share/nvim/site/pack/packer/start/indent-blankline.nvim/plugin/indent_blankline.vim
172.810  000.015  000.015: sourcing /home/brian/.local/share/nvim/site/pack/packer/start/lalrpop.vim/ftdetect/lalrpop.vim
172.938  000.037  000.037: sourcing /home/brian/.local/share/nvim/site/pack/packer/start/nvim-colorizer.lua/plugin/colorizer.vim
173.077  000.059  000.059: sourcing /home/brian/.local/share/nvim/site/pack/packer/start/nvim-lspconfig/plugin/lspconfig.vim
173.221  000.056  000.056: sourcing /home/brian/.local/share/nvim/site/pack/packer/start/nvim-lsputils/plugin/nvim-lsputils.vim
174.995  001.686  001.686: sourcing /home/brian/.local/share/nvim/site/pack/packer/start/nvim-treesitter/plugin/nvim-treesitter.vim
175.088  000.024  000.024: sourcing /home/brian/.local/share/nvim/site/pack/packer/start/nvim-treesitter/ftdetect/query.vim
176.937  000.036  000.036: sourcing /home/brian/.local/share/nvim/site/pack/packer/start/nvim-treesitter/autoload/nvim_treesitter.vim
177.280  002.105  002.070: sourcing /home/brian/.local/share/nvim/site/pack/packer/start/nvim-treesitter-context/plugin/treesitter-context.vim
178.073  000.693  000.693: sourcing /home/brian/.local/share/nvim/site/pack/packer/start/nvim-treesitter-refactor/plugin/nvim-treesitter-refactor.vim
181.182  003.008  003.008: sourcing /home/brian/.local/share/nvim/site/pack/packer/start/nvim-treesitter-textobjects/plugin/nvim-treesitter-textobjects.vim
181.316  000.043  000.043: sourcing /home/brian/.local/share/nvim/site/pack/packer/start/nvim-web-devicons/plugin/nvim-web-devicons.vim
181.412  000.011  000.011: sourcing /home/brian/.local/share/nvim/site/pack/packer/start/pandoc.nvim/plugin/pandoc.vim
181.506  000.015  000.015: sourcing /home/brian/.local/share/nvim/site/pack/packer/start/pest.vim/ftdetect/pest.vim
183.804  002.231  002.231: sourcing /home/brian/.local/share/nvim/site/pack/packer/start/plenary.nvim/plugin/plenary.vim
183.935  000.043  000.043: sourcing /home/brian/.local/share/nvim/site/pack/packer/start/popfix/plugin/popfix.vim
184.093  000.047  000.047: sourcing /home/brian/.local/share/nvim/site/pack/packer/start/rooter.nvim/plugin/rooter.vim
184.490  000.292  000.292: sourcing /home/brian/.local/share/nvim/site/pack/packer/start/targets.vim/plugin/targets.vim
184.755  000.177  000.177: sourcing /home/brian/.local/share/nvim/site/pack/packer/start/telescope.nvim/plugin/telescope.vim
184.948  000.103  000.103: sourcing /home/brian/.local/share/nvim/site/pack/packer/start/termwrapper.nvim/plugin/termwrapper.vim
185.594  000.094  000.094: sourcing /home/brian/.local/share/nvim/site/pack/packer/start/ultisnips/autoload/UltiSnips/map_keys.vim
185.689  000.655  000.562: sourcing /home/brian/.local/share/nvim/site/pack/packer/start/ultisnips/plugin/UltiSnips.vim
185.758  000.019  000.019: sourcing /home/brian/.local/share/nvim/site/pack/packer/start/ultisnips/ftdetect/snippets.vim
185.984  000.163  000.163: sourcing /home/brian/.local/share/nvim/site/pack/packer/start/vim-commentary/plugin/commentary.vim
186.349  000.265  000.265: sourcing /home/brian/.local/share/nvim/site/pack/packer/start/vim-cool/plugin/cool.vim
189.120  002.689  002.689: sourcing /home/brian/.local/share/nvim/site/pack/packer/start/vim-devicons/plugin/webdevicons.vim
189.438  000.212  000.212: sourcing /home/brian/.local/share/nvim/site/pack/packer/start/vim-easy-align/plugin/easy_align.vim
189.945  000.423  000.423: sourcing /home/brian/.local/share/nvim/site/pack/packer/start/vim-exchange/plugin/exchange.vim
190.483  000.437  000.437: sourcing /home/brian/.local/share/nvim/site/pack/packer/start/vim-floaterm/plugin/floaterm.vim
192.284  001.712  001.712: sourcing /home/brian/.local/share/nvim/site/pack/packer/start/vim-fugitive/plugin/fugitive.vim
192.360  000.013  000.013: sourcing /home/brian/.local/share/nvim/site/pack/packer/start/vim-fugitive/ftdetect/fugitive.vim
192.850  000.016  000.016: sourcing /usr/share/nvim/runtime/plugin/matchparen.vim
193.353  000.170  000.170: sourcing /usr/share/nvim/runtime/plugin/matchparen.vim
194.429  000.247  000.247: sourcing /home/brian/.local/share/nvim/site/pack/packer/start/vim-matchup/autoload/matchup.vim
194.683  000.128  000.128: sourcing /home/brian/.local/share/nvim/site/pack/packer/start/vim-matchup/autoload/matchup/perf.vim
195.620  000.364  000.364: sourcing /home/brian/.local/share/nvim/site/pack/packer/start/vim-matchup/autoload/matchup/loader.vim
196.452  000.516  000.516: sourcing /home/brian/.local/share/nvim/site/pack/packer/start/vim-matchup/autoload/matchup/matchparen.vim
198.036  005.602  004.159: sourcing /home/brian/.local/share/nvim/site/pack/packer/start/vim-matchup/plugin/matchup.vim
198.832  000.588  000.588: sourcing /home/brian/.local/share/nvim/site/pack/packer/start/vim-sandwich/plugin/operator/sandwich.vim
199.099  000.242  000.242: sourcing /home/brian/.local/share/nvim/site/pack/packer/start/vim-sandwich/plugin/sandwich.vim
199.335  000.211  000.211: sourcing /home/brian/.local/share/nvim/site/pack/packer/start/vim-sandwich/plugin/textobj/sandwich.vim
199.583  000.131  000.131: sourcing /home/brian/.local/share/nvim/site/pack/packer/start/vim-smoothie/plugin/smoothie.vim
199.708  000.041  000.041: sourcing /home/brian/.local/share/nvim/site/pack/packer/start/vim-snippets/plugin/vimsnippets.vim
209.440  009.653  009.653: sourcing /home/brian/.local/share/nvim/site/pack/packer/start/vim-unimpaired/plugin/unimpaired.vim
210.191  000.649  000.649: sourcing /home/brian/.local/share/nvim/site/pack/packer/start/vim-vsnip/plugin/vsnip.vim
210.425  000.141  000.141: sourcing /home/brian/.local/share/nvim/site/pack/packer/start/vim-vsnip-integ/plugin/vsnip_integ.vim
210.605  000.093  000.093: sourcing /home/brian/.local/share/nvim/site/pack/packer/start/zoom.nvim/plugin/zoom.vim
210.684  004.893: loading packages
210.904  000.031  000.031: sourcing /home/brian/.local/share/nvim/site/pack/packer/start/vim-vsnip-integ/autoload/vsnip_integ/integration.vim
211.050  000.057  000.057: sourcing /home/brian/.local/share/nvim/site/pack/packer/start/vim-vsnip-integ/autoload/vsnip_integ/detection.vim
213.574  002.781  002.693: sourcing /home/brian/.local/share/nvim/site/pack/packer/start/vim-vsnip-integ/after/plugin/vsnip_integ.vim
213.670  000.008  000.008: sourcing /home/brian/.local/share/nvim/site/pack/packer/start/vim-matchup/after/plugin/matchit.vim
213.874  000.136  000.136: sourcing /home/brian/.local/share/nvim/site/pack/packer/start/ultisnips/after/plugin/UltiSnips_after.vim
214.448  000.505  000.505: sourcing /home/brian/.local/share/nvim/site/pack/packer/start/indentLine/after/plugin/indentLine.vim
215.480  000.947  000.947: sourcing /home/brian/.local/share/nvim/site/pack/packer/start/completion-buffers/after/plugin/completion_buffers.vim
215.557  000.496: loading after plugins
215.571  000.014: inits 3
218.107  002.536: reading ShaDa
220.419  000.040  000.040: sourcing /home/brian/.local/share/nvim/site/pack/packer/start/vim-matchup/autoload/matchup/re.vim
220.917  002.770: opening buffers
226.279  005.362: BufEnter autocommands
226.284  000.004: editing files in windows
226.645  000.361: VimEnter autocommands
227.273  000.340  000.340: sourcing /home/brian/.local/share/nvim/site/pack/packer/start/firenvim/autoload/firenvim.vim
227.305  000.320: UIEnter autocommands
227.903  000.243  000.243: sourcing /usr/share/nvim/runtime/autoload/provider/clipboard.vim
227.911  000.363: before starting main loop
228.265  000.115  000.115: sourcing /home/brian/.local/share/nvim/site/pack/packer/start/vim-matchup/autoload/matchup/pos.vim
228.656  000.020  000.020: sourcing /home/brian/.local/share/nvim/site/pack/packer/start/indent-blankline.nvim/autoload/indent_blankline.vim
230.772  002.727: first screen update
230.775  000.003: --- NVIM STARTED ---
