

times in msec
 clock   self+sourced   self:  sourced script
 clock   elapsed:              other lines

000.014  000.014: --- NVIM STARTING ---
000.551  000.538: locale set
001.248  000.697: inits 1
001.277  000.029: window checked
001.281  000.005: parsing arguments
001.369  000.087: expanding arguments
001.435  000.067: inits 2
002.558  001.123: init highlight
002.562  000.003: waiting for UI
004.675  002.113: done waiting for UI
004.757  000.082: initialized screen early for UI
005.049  000.041  000.041: sourcing /usr/share/nvim/archlinux.vim
005.061  000.127  000.086: sourcing /etc/xdg//nvim/sysinit.vim
048.303  043.418: sourcing vimrc file(s)
056.110  000.015  000.015: sourcing /home/brian/.config/nvim/ftdetect/cfg.vim
056.142  000.017  000.017: sourcing /home/brian/.config/nvim/ftdetect/conf.vim
056.166  000.011  000.011: sourcing /home/brian/.config/nvim/ftdetect/csv.vim
056.206  000.027  000.027: sourcing /home/brian/.config/nvim/ftdetect/dosini.vim
056.235  000.017  000.017: sourcing /home/brian/.config/nvim/ftdetect/dunstrc.vim
056.259  000.012  000.012: sourcing /home/brian/.config/nvim/ftdetect/fennel.vim
056.289  000.016  000.016: sourcing /home/brian/.config/nvim/ftdetect/lalrpop.vim
056.312  000.011  000.011: sourcing /home/brian/.config/nvim/ftdetect/lua.vim
056.343  000.016  000.016: sourcing /home/brian/.config/nvim/ftdetect/markdown.vim
056.368  000.013  000.013: sourcing /home/brian/.config/nvim/ftdetect/rasi.vim
056.398  000.019  000.019: sourcing /home/brian/.config/nvim/ftdetect/sxhkdrc.vim
056.428  000.013  000.013: sourcing /home/brian/.config/nvim/ftdetect/teal.vim
056.452  000.011  000.011: sourcing /home/brian/.config/nvim/ftdetect/tex.vim
056.478  000.012  000.012: sourcing /home/brian/.config/nvim/ftdetect/toml.vim
056.502  000.012  000.012: sourcing /home/brian/.config/nvim/ftdetect/yaml.vim
056.640  000.016  000.016: sourcing /usr/share/vim/vimfiles/ftdetect/PKGBUILD.vim
056.681  000.026  000.026: sourcing /usr/share/vim/vimfiles/ftdetect/meson.vim
057.092  000.014  000.014: sourcing /home/brian/.local/share/nvim/site/pack/packer/start/insta.nvim/ftdetect/snap.vim
057.120  000.012  000.012: sourcing /home/brian/.local/share/nvim/site/pack/packer/start/lalrpop.vim/ftdetect/lalrpop.vim
057.154  000.021  000.021: sourcing /home/brian/.local/share/nvim/site/pack/packer/start/nvim-treesitter/ftdetect/query.vim
057.181  000.012  000.012: sourcing /home/brian/.local/share/nvim/site/pack/packer/start/pest.vim/ftdetect/pest.vim
057.206  000.012  000.012: sourcing /home/brian/.local/share/nvim/site/pack/packer/start/vim-fugitive/ftdetect/fugitive.vim
057.381  009.026  008.691: sourcing /usr/share/nvim/runtime/filetype.vim
057.766  000.038  000.038: sourcing /usr/share/nvim/runtime/ftplugin.vim
058.148  000.037  000.037: sourcing /usr/share/nvim/runtime/indent.vim
058.876  000.286  000.286: sourcing /usr/share/nvim/runtime/syntax/syncolor.vim
059.298  000.768  000.482: sourcing /usr/share/nvim/runtime/syntax/synload.vim
059.327  000.859  000.092: sourcing /usr/share/nvim/runtime/syntax/syntax.vim
061.737  000.134  000.134: sourcing /home/brian/.config/nvim/plugin/autocommands.vim
061.781  000.028  000.028: sourcing /home/brian/.config/nvim/plugin/mappings/command.vim
061.821  000.027  000.027: sourcing /home/brian/.config/nvim/plugin/mappings/insert.vim
062.028  000.193  000.193: sourcing /home/brian/.config/nvim/plugin/mappings/leader.vim
062.172  000.128  000.128: sourcing /home/brian/.config/nvim/plugin/mappings/normal.vim
062.199  000.013  000.013: sourcing /home/brian/.config/nvim/plugin/mappings/visual.vim
082.275  000.259  000.259: sourcing /usr/share/nvim/runtime/syntax/syncolor.vim
083.746  000.200  000.200: sourcing /usr/share/nvim/runtime/syntax/syncolor.vim
096.326  014.927  014.468: sourcing /home/brian/.local/share/nvim/site/pack/packer/start/gruvbox/colors/gruvbox.vim
097.762  000.407  000.407: sourcing /usr/share/nvim/runtime/syntax/syncolor.vim
100.430  000.400  000.400: sourcing /usr/share/nvim/runtime/syntax/syncolor.vim
112.158  015.631  014.823: sourcing /home/brian/.local/share/nvim/site/pack/packer/start/gruvbox/colors/gruvbox.vim
145.651  000.034  000.034: sourcing /home/brian/.local/share/nvim/site/pack/packer/opt/vimtex/ftdetect/tex.vim
145.705  000.027  000.027: sourcing /home/brian/.local/share/nvim/site/pack/packer/opt/haskell-vim/ftdetect/haskell.vim
145.722  083.509  052.890: sourcing /home/brian/.config/nvim/plugin/packer_compiled.vim
146.390  000.653  000.653: sourcing /home/brian/.config/nvim/plugin/settings.vim
146.688  000.018  000.018: sourcing /usr/share/nvim/runtime/plugin/gzip.vim
146.714  000.012  000.012: sourcing /usr/share/nvim/runtime/plugin/health.vim
146.808  000.083  000.083: sourcing /usr/share/nvim/runtime/plugin/man.vim
147.556  000.281  000.281: sourcing /usr/share/nvim/runtime/pack/dist/opt/matchit/plugin/matchit.vim
147.606  000.783  000.503: sourcing /usr/share/nvim/runtime/plugin/matchit.vim
147.797  000.173  000.173: sourcing /usr/share/nvim/runtime/plugin/matchparen.vim
147.835  000.021  000.021: sourcing /usr/share/nvim/runtime/plugin/netrwPlugin.vim
148.164  000.033  000.033: sourcing /home/brian/.local/share/nvim/site/pack/packer/start/nvim-treesitter/autoload/nvim_treesitter.vim
148.425  000.012  000.012: sourcing /home/brian/.local/share/nvim/rplugin.vim
148.433  000.583  000.538: sourcing /usr/share/nvim/runtime/plugin/rplugin.vim
148.559  000.114  000.114: sourcing /usr/share/nvim/runtime/plugin/shada.vim
148.610  000.028  000.028: sourcing /usr/share/nvim/runtime/plugin/spellfile.vim
148.648  000.019  000.019: sourcing /usr/share/nvim/runtime/plugin/tarPlugin.vim
148.679  000.015  000.015: sourcing /usr/share/nvim/runtime/plugin/tohtml.vim
148.724  000.025  000.025: sourcing /usr/share/nvim/runtime/plugin/tutor.vim
148.762  000.021  000.021: sourcing /usr/share/nvim/runtime/plugin/zipPlugin.vim
149.511  000.662  000.662: sourcing /usr/share/vim/vimfiles/plugin/fzf.vim
150.173  000.634  000.634: sourcing /usr/share/vim/vimfiles/plugin/skim.vim
150.178  004.038: loading plugins
150.648  000.027  000.027: sourcing /home/brian/.local/share/nvim/site/pack/packer/start/aniseed/plugin/aniseed.vim
151.148  000.419  000.419: sourcing /home/brian/.local/share/nvim/site/pack/packer/start/auto-pairs/plugin/auto-pairs.vim
151.331  000.064  000.064: sourcing /home/brian/.local/share/nvim/site/pack/packer/start/firenvim/plugin/firenvim.vim
151.430  000.021  000.021: sourcing /home/brian/.local/share/nvim/site/pack/packer/start/fzf/plugin/fzf.vim
152.419  000.916  000.916: sourcing /home/brian/.local/share/nvim/site/pack/packer/start/fzf.vim/plugin/fzf.vim
152.648  000.141  000.141: sourcing /home/brian/.local/share/nvim/site/pack/packer/start/galaxyline.nvim/plugin/galaxyline.vim
153.282  000.510  000.510: sourcing /home/brian/.local/share/nvim/site/pack/packer/start/insta.nvim/plugin/nvim-treesitter-snap.vim
153.346  000.014  000.014: sourcing /home/brian/.local/share/nvim/site/pack/packer/start/insta.nvim/ftdetect/snap.vim
153.420  000.014  000.014: sourcing /home/brian/.local/share/nvim/site/pack/packer/start/lalrpop.vim/ftdetect/lalrpop.vim
154.450  000.940  000.940: sourcing /home/brian/.local/share/nvim/site/pack/packer/start/nlua.nvim/plugin/nlua.vim
154.705  000.143  000.143: sourcing /home/brian/.local/share/nvim/site/pack/packer/start/nvim-compe/plugin/compe.vim
154.860  000.043  000.043: sourcing /home/brian/.local/share/nvim/site/pack/packer/start/nvim-lspconfig/plugin/lspconfig.vim
155.934  000.988  000.988: sourcing /home/brian/.local/share/nvim/site/pack/packer/start/nvim-treesitter/plugin/nvim-treesitter.vim
156.016  000.023  000.023: sourcing /home/brian/.local/share/nvim/site/pack/packer/start/nvim-treesitter/ftdetect/query.vim
156.452  000.361  000.361: sourcing /home/brian/.local/share/nvim/site/pack/packer/start/nvim-treesitter-refactor/plugin/nvim-treesitter-refactor.vim
158.604  002.063  002.063: sourcing /home/brian/.local/share/nvim/site/pack/packer/start/nvim-treesitter-textobjects/plugin/nvim-treesitter-textobjects.vim
158.744  000.045  000.045: sourcing /home/brian/.local/share/nvim/site/pack/packer/start/nvim-web-devicons/plugin/nvim-web-devicons.vim
158.853  000.015  000.015: sourcing /home/brian/.local/share/nvim/site/pack/packer/start/pest.vim/ftdetect/pest.vim
160.689  001.769  001.769: sourcing /home/brian/.local/share/nvim/site/pack/packer/start/plenary.nvim/plugin/plenary.vim
161.176  000.287  000.287: sourcing /home/brian/.local/share/nvim/site/pack/packer/start/targets.vim/plugin/targets.vim
161.833  000.502  000.502: sourcing /home/brian/.local/share/nvim/site/pack/packer/start/telescope.nvim/plugin/telescope.vim
162.016  000.094  000.094: sourcing /home/brian/.local/share/nvim/site/pack/packer/start/termwrapper.nvim/plugin/termwrapper.vim
162.251  000.147  000.147: sourcing /home/brian/.local/share/nvim/site/pack/packer/start/vim-commentary/plugin/commentary.vim
164.188  001.851  001.851: sourcing /home/brian/.local/share/nvim/site/pack/packer/start/vim-fugitive/plugin/fugitive.vim
164.261  000.013  000.013: sourcing /home/brian/.local/share/nvim/site/pack/packer/start/vim-fugitive/ftdetect/fugitive.vim
164.893  000.538  000.538: sourcing /home/brian/.local/share/nvim/site/pack/packer/start/vim-surround/plugin/surround.vim
173.923  008.924  008.924: sourcing /home/brian/.local/share/nvim/site/pack/packer/start/vim-unimpaired/plugin/unimpaired.vim
174.505  000.488  000.488: sourcing /home/brian/.local/share/nvim/site/pack/packer/start/vim-vsnip/plugin/vsnip.vim
174.636  003.096: loading packages
176.073  001.090  001.090: sourcing /home/brian/.local/share/nvim/site/pack/packer/start/nvim-compe/after/plugin/compe_buffer.vim
176.874  000.781  000.781: sourcing /home/brian/.local/share/nvim/site/pack/packer/start/nvim-compe/after/plugin/compe_calc.vim
177.908  001.013  001.013: sourcing /home/brian/.local/share/nvim/site/pack/packer/start/nvim-compe/after/plugin/compe_nvim_lsp.vim
178.726  000.797  000.797: sourcing /home/brian/.local/share/nvim/site/pack/packer/start/nvim-compe/after/plugin/compe_nvim_lua.vim
179.513  000.762  000.762: sourcing /home/brian/.local/share/nvim/site/pack/packer/start/nvim-compe/after/plugin/compe_omni.vim
180.454  000.919  000.919: sourcing /home/brian/.local/share/nvim/site/pack/packer/start/nvim-compe/after/plugin/compe_path.vim
182.127  001.648  001.648: sourcing /home/brian/.local/share/nvim/site/pack/packer/start/nvim-compe/after/plugin/compe_snippets_nvim.vim
182.905  000.756  000.756: sourcing /home/brian/.local/share/nvim/site/pack/packer/start/nvim-compe/after/plugin/compe_spell.vim
183.698  000.771  000.771: sourcing /home/brian/.local/share/nvim/site/pack/packer/start/nvim-compe/after/plugin/compe_tags.vim
184.951  001.228  001.228: sourcing /home/brian/.local/share/nvim/site/pack/packer/start/nvim-compe/after/plugin/compe_treesitter.vim
185.001  000.027  000.027: sourcing /home/brian/.local/share/nvim/site/pack/packer/start/nvim-compe/after/plugin/compe_ultisnips.vim
185.048  000.025  000.025: sourcing /home/brian/.local/share/nvim/site/pack/packer/start/nvim-compe/after/plugin/compe_vim_lsc.vim
185.089  000.023  000.023: sourcing /home/brian/.local/share/nvim/site/pack/packer/start/nvim-compe/after/plugin/compe_vim_lsp.vim
185.898  000.790  000.790: sourcing /home/brian/.local/share/nvim/site/pack/packer/start/nvim-compe/after/plugin/compe_vsnip.vim
186.011  000.744: loading after plugins
186.026  000.014: inits 3
189.147  003.122: reading ShaDa
189.405  000.257: opening buffers
190.873  001.469: BufEnter autocommands
190.877  000.004: editing files in windows
190.893  000.016: VimEnter autocommands
191.526  000.415  000.415: sourcing /home/brian/.local/share/nvim/site/pack/packer/start/firenvim/autoload/firenvim.vim
191.559  000.250: UIEnter autocommands
192.057  000.257  000.257: sourcing /usr/share/nvim/runtime/autoload/provider/clipboard.vim
192.064  000.248: before starting main loop
193.263  001.199: first screen update
193.266  000.003: --- NVIM STARTED ---


times in msec
 clock   self+sourced   self:  sourced script
 clock   elapsed:              other lines

000.012  000.012: --- NVIM STARTING ---
000.543  000.531: locale set
001.207  000.665: inits 1
001.235  000.028: window checked
001.240  000.005: parsing arguments
001.328  000.088: expanding arguments
001.396  000.068: inits 2
002.495  001.099: init highlight
002.498  000.003: waiting for UI
004.472  001.974: done waiting for UI
004.553  000.081: initialized screen early for UI
004.806  000.029  000.029: sourcing /usr/share/nvim/archlinux.vim
004.817  000.092  000.063: sourcing /etc/xdg//nvim/sysinit.vim
046.114  041.469: sourcing vimrc file(s)
054.459  000.017  000.017: sourcing /home/brian/.config/nvim/ftdetect/cfg.vim
054.491  000.015  000.015: sourcing /home/brian/.config/nvim/ftdetect/conf.vim
054.518  000.014  000.014: sourcing /home/brian/.config/nvim/ftdetect/csv.vim
054.558  000.028  000.028: sourcing /home/brian/.config/nvim/ftdetect/dosini.vim
054.587  000.016  000.016: sourcing /home/brian/.config/nvim/ftdetect/dunstrc.vim
054.611  000.012  000.012: sourcing /home/brian/.config/nvim/ftdetect/fennel.vim
054.640  000.016  000.016: sourcing /home/brian/.config/nvim/ftdetect/lalrpop.vim
054.665  000.011  000.011: sourcing /home/brian/.config/nvim/ftdetect/lua.vim
054.694  000.015  000.015: sourcing /home/brian/.config/nvim/ftdetect/markdown.vim
054.721  000.013  000.013: sourcing /home/brian/.config/nvim/ftdetect/rasi.vim
054.748  000.015  000.015: sourcing /home/brian/.config/nvim/ftdetect/sxhkdrc.vim
054.773  000.012  000.012: sourcing /home/brian/.config/nvim/ftdetect/teal.vim
054.797  000.012  000.012: sourcing /home/brian/.config/nvim/ftdetect/tex.vim
054.823  000.015  000.015: sourcing /home/brian/.config/nvim/ftdetect/toml.vim
054.848  000.013  000.013: sourcing /home/brian/.config/nvim/ftdetect/yaml.vim
054.979  000.016  000.016: sourcing /usr/share/vim/vimfiles/ftdetect/PKGBUILD.vim
055.018  000.025  000.025: sourcing /usr/share/vim/vimfiles/ftdetect/meson.vim
055.403  000.013  000.013: sourcing /home/brian/.local/share/nvim/site/pack/packer/start/insta.nvim/ftdetect/snap.vim
055.431  000.012  000.012: sourcing /home/brian/.local/share/nvim/site/pack/packer/start/lalrpop.vim/ftdetect/lalrpop.vim
055.478  000.028  000.028: sourcing /home/brian/.local/share/nvim/site/pack/packer/start/nvim-treesitter/ftdetect/query.vim
055.509  000.013  000.013: sourcing /home/brian/.local/share/nvim/site/pack/packer/start/pest.vim/ftdetect/pest.vim
055.533  000.010  000.010: sourcing /home/brian/.local/share/nvim/site/pack/packer/start/vim-fugitive/ftdetect/fugitive.vim
055.702  009.479  009.136: sourcing /usr/share/nvim/runtime/filetype.vim
056.087  000.041  000.041: sourcing /usr/share/nvim/runtime/ftplugin.vim
056.479  000.037  000.037: sourcing /usr/share/nvim/runtime/indent.vim
057.225  000.296  000.296: sourcing /usr/share/nvim/runtime/syntax/syncolor.vim
057.644  000.770  000.474: sourcing /usr/share/nvim/runtime/syntax/synload.vim
057.675  000.858  000.089: sourcing /usr/share/nvim/runtime/syntax/syntax.vim
060.047  000.122  000.122: sourcing /home/brian/.config/nvim/plugin/autocommands.vim
060.090  000.027  000.027: sourcing /home/brian/.config/nvim/plugin/mappings/command.vim
060.129  000.027  000.027: sourcing /home/brian/.config/nvim/plugin/mappings/insert.vim
060.335  000.191  000.191: sourcing /home/brian/.config/nvim/plugin/mappings/leader.vim
060.480  000.129  000.129: sourcing /home/brian/.config/nvim/plugin/mappings/normal.vim
060.509  000.013  000.013: sourcing /home/brian/.config/nvim/plugin/mappings/visual.vim
080.402  000.243  000.243: sourcing /usr/share/nvim/runtime/syntax/syncolor.vim
081.776  000.219  000.219: sourcing /usr/share/nvim/runtime/syntax/syncolor.vim
094.561  015.012  014.550: sourcing /home/brian/.local/share/nvim/site/pack/packer/start/gruvbox/colors/gruvbox.vim
096.003  000.431  000.431: sourcing /usr/share/nvim/runtime/syntax/syncolor.vim
098.632  000.355  000.355: sourcing /usr/share/nvim/runtime/syntax/syncolor.vim
110.211  015.460  014.674: sourcing /home/brian/.local/share/nvim/site/pack/packer/start/gruvbox/colors/gruvbox.vim
143.511  000.033  000.033: sourcing /home/brian/.local/share/nvim/site/pack/packer/opt/vimtex/ftdetect/tex.vim
143.566  000.027  000.027: sourcing /home/brian/.local/share/nvim/site/pack/packer/opt/haskell-vim/ftdetect/haskell.vim
143.583  083.060  052.528: sourcing /home/brian/.config/nvim/plugin/packer_compiled.vim
144.252  000.653  000.653: sourcing /home/brian/.config/nvim/plugin/settings.vim
144.547  000.020  000.020: sourcing /usr/share/nvim/runtime/plugin/gzip.vim
144.576  000.014  000.014: sourcing /usr/share/nvim/runtime/plugin/health.vim
144.668  000.081  000.081: sourcing /usr/share/nvim/runtime/plugin/man.vim
145.426  000.285  000.285: sourcing /usr/share/nvim/runtime/pack/dist/opt/matchit/plugin/matchit.vim
145.475  000.792  000.507: sourcing /usr/share/nvim/runtime/plugin/matchit.vim
145.665  000.176  000.176: sourcing /usr/share/nvim/runtime/plugin/matchparen.vim
145.707  000.023  000.023: sourcing /usr/share/nvim/runtime/plugin/netrwPlugin.vim
146.035  000.033  000.033: sourcing /home/brian/.local/share/nvim/site/pack/packer/start/nvim-treesitter/autoload/nvim_treesitter.vim
146.315  000.012  000.012: sourcing /home/brian/.local/share/nvim/rplugin.vim
146.323  000.601  000.555: sourcing /usr/share/nvim/runtime/plugin/rplugin.vim
146.456  000.122  000.122: sourcing /usr/share/nvim/runtime/plugin/shada.vim
146.507  000.028  000.028: sourcing /usr/share/nvim/runtime/plugin/spellfile.vim
146.545  000.019  000.019: sourcing /usr/share/nvim/runtime/plugin/tarPlugin.vim
146.574  000.013  000.013: sourcing /usr/share/nvim/runtime/plugin/tohtml.vim
146.611  000.022  000.022: sourcing /usr/share/nvim/runtime/plugin/tutor.vim
146.655  000.028  000.028: sourcing /usr/share/nvim/runtime/plugin/zipPlugin.vim
147.409  000.670  000.670: sourcing /usr/share/vim/vimfiles/plugin/fzf.vim
148.061  000.627  000.627: sourcing /usr/share/vim/vimfiles/plugin/skim.vim
148.067  004.080: loading plugins
148.535  000.027  000.027: sourcing /home/brian/.local/share/nvim/site/pack/packer/start/aniseed/plugin/aniseed.vim
149.055  000.428  000.428: sourcing /home/brian/.local/share/nvim/site/pack/packer/start/auto-pairs/plugin/auto-pairs.vim
149.237  000.065  000.065: sourcing /home/brian/.local/share/nvim/site/pack/packer/start/firenvim/plugin/firenvim.vim
149.348  000.024  000.024: sourcing /home/brian/.local/share/nvim/site/pack/packer/start/fzf/plugin/fzf.vim
150.356  000.935  000.935: sourcing /home/brian/.local/share/nvim/site/pack/packer/start/fzf.vim/plugin/fzf.vim
150.594  000.145  000.145: sourcing /home/brian/.local/share/nvim/site/pack/packer/start/galaxyline.nvim/plugin/galaxyline.vim
151.216  000.493  000.493: sourcing /home/brian/.local/share/nvim/site/pack/packer/start/insta.nvim/plugin/nvim-treesitter-snap.vim
151.279  000.014  000.014: sourcing /home/brian/.local/share/nvim/site/pack/packer/start/insta.nvim/ftdetect/snap.vim
151.356  000.016  000.016: sourcing /home/brian/.local/share/nvim/site/pack/packer/start/lalrpop.vim/ftdetect/lalrpop.vim
152.385  000.939  000.939: sourcing /home/brian/.local/share/nvim/site/pack/packer/start/nlua.nvim/plugin/nlua.vim
152.605  000.136  000.136: sourcing /home/brian/.local/share/nvim/site/pack/packer/start/nvim-compe/plugin/compe.vim
152.753  000.041  000.041: sourcing /home/brian/.local/share/nvim/site/pack/packer/start/nvim-lspconfig/plugin/lspconfig.vim
153.807  000.955  000.955: sourcing /home/brian/.local/share/nvim/site/pack/packer/start/nvim-treesitter/plugin/nvim-treesitter.vim
153.892  000.024  000.024: sourcing /home/brian/.local/share/nvim/site/pack/packer/start/nvim-treesitter/ftdetect/query.vim
154.395  000.429  000.429: sourcing /home/brian/.local/share/nvim/site/pack/packer/start/nvim-treesitter-refactor/plugin/nvim-treesitter-refactor.vim
156.688  002.200  002.200: sourcing /home/brian/.local/share/nvim/site/pack/packer/start/nvim-treesitter-textobjects/plugin/nvim-treesitter-textobjects.vim
156.830  000.045  000.045: sourcing /home/brian/.local/share/nvim/site/pack/packer/start/nvim-web-devicons/plugin/nvim-web-devicons.vim
156.941  000.015  000.015: sourcing /home/brian/.local/share/nvim/site/pack/packer/start/pest.vim/ftdetect/pest.vim
158.745  001.736  001.736: sourcing /home/brian/.local/share/nvim/site/pack/packer/start/plenary.nvim/plugin/plenary.vim
159.231  000.297  000.297: sourcing /home/brian/.local/share/nvim/site/pack/packer/start/targets.vim/plugin/targets.vim
160.025  000.625  000.625: sourcing /home/brian/.local/share/nvim/site/pack/packer/start/telescope.nvim/plugin/telescope.vim
160.216  000.095  000.095: sourcing /home/brian/.local/share/nvim/site/pack/packer/start/termwrapper.nvim/plugin/termwrapper.vim
160.466  000.158  000.158: sourcing /home/brian/.local/share/nvim/site/pack/packer/start/vim-commentary/plugin/commentary.vim
162.307  001.754  001.754: sourcing /home/brian/.local/share/nvim/site/pack/packer/start/vim-fugitive/plugin/fugitive.vim
162.386  000.015  000.015: sourcing /home/brian/.local/share/nvim/site/pack/packer/start/vim-fugitive/ftdetect/fugitive.vim
163.038  000.556  000.556: sourcing /home/brian/.local/share/nvim/site/pack/packer/start/vim-surround/plugin/surround.vim
172.147  009.014  009.014: sourcing /home/brian/.local/share/nvim/site/pack/packer/start/vim-unimpaired/plugin/unimpaired.vim
172.724  000.483  000.483: sourcing /home/brian/.local/share/nvim/site/pack/packer/start/vim-vsnip/plugin/vsnip.vim
172.859  003.129: loading packages
174.309  001.087  001.087: sourcing /home/brian/.local/share/nvim/site/pack/packer/start/nvim-compe/after/plugin/compe_buffer.vim
175.096  000.765  000.765: sourcing /home/brian/.local/share/nvim/site/pack/packer/start/nvim-compe/after/plugin/compe_calc.vim
176.119  001.002  001.002: sourcing /home/brian/.local/share/nvim/site/pack/packer/start/nvim-compe/after/plugin/compe_nvim_lsp.vim
176.954  000.801  000.801: sourcing /home/brian/.local/share/nvim/site/pack/packer/start/nvim-compe/after/plugin/compe_nvim_lua.vim
177.753  000.775  000.775: sourcing /home/brian/.local/share/nvim/site/pack/packer/start/nvim-compe/after/plugin/compe_omni.vim
178.638  000.864  000.864: sourcing /home/brian/.local/share/nvim/site/pack/packer/start/nvim-compe/after/plugin/compe_path.vim
180.324  001.662  001.662: sourcing /home/brian/.local/share/nvim/site/pack/packer/start/nvim-compe/after/plugin/compe_snippets_nvim.vim
181.104  000.759  000.759: sourcing /home/brian/.local/share/nvim/site/pack/packer/start/nvim-compe/after/plugin/compe_spell.vim
181.893  000.768  000.768: sourcing /home/brian/.local/share/nvim/site/pack/packer/start/nvim-compe/after/plugin/compe_tags.vim
183.097  001.177  001.177: sourcing /home/brian/.local/share/nvim/site/pack/packer/start/nvim-compe/after/plugin/compe_treesitter.vim
183.147  000.026  000.026: sourcing /home/brian/.local/share/nvim/site/pack/packer/start/nvim-compe/after/plugin/compe_ultisnips.vim
183.195  000.027  000.027: sourcing /home/brian/.local/share/nvim/site/pack/packer/start/nvim-compe/after/plugin/compe_vim_lsc.vim
183.237  000.024  000.024: sourcing /home/brian/.local/share/nvim/site/pack/packer/start/nvim-compe/after/plugin/compe_vim_lsp.vim
184.048  000.792  000.792: sourcing /home/brian/.local/share/nvim/site/pack/packer/start/nvim-compe/after/plugin/compe_vsnip.vim
184.161  000.772: loading after plugins
184.175  000.014: inits 3
187.270  003.095: reading ShaDa
187.531  000.261: opening buffers
188.994  001.463: BufEnter autocommands
188.998  000.004: editing files in windows
189.014  000.015: VimEnter autocommands
189.664  000.429  000.429: sourcing /home/brian/.local/share/nvim/site/pack/packer/start/firenvim/autoload/firenvim.vim
189.697  000.254: UIEnter autocommands
190.209  000.267  000.267: sourcing /usr/share/nvim/runtime/autoload/provider/clipboard.vim
190.216  000.252: before starting main loop
191.361  001.145: first screen update
191.364  000.003: --- NVIM STARTED ---


times in msec
 clock   self+sourced   self:  sourced script
 clock   elapsed:              other lines

000.008  000.008: --- NVIM STARTING ---
000.276  000.268: locale set
000.600  000.324: inits 1
000.617  000.017: window checked
000.620  000.003: parsing arguments
000.668  000.049: expanding arguments
000.701  000.033: inits 2
001.176  000.475: init highlight
001.179  000.003: waiting for UI
002.113  000.934: done waiting for UI
002.148  000.035: initialized screen early for UI
002.264  000.013  000.013: sourcing /usr/share/nvim/archlinux.vim
002.269  000.039  000.026: sourcing /etc/xdg//nvim/sysinit.vim
019.265  017.078: sourcing vimrc file(s)
026.342  000.015  000.015: sourcing /home/brian/.config/nvim/ftdetect/cfg.vim
026.373  000.015  000.015: sourcing /home/brian/.config/nvim/ftdetect/conf.vim
026.399  000.012  000.012: sourcing /home/brian/.config/nvim/ftdetect/csv.vim
026.439  000.028  000.028: sourcing /home/brian/.config/nvim/ftdetect/dosini.vim
026.469  000.017  000.017: sourcing /home/brian/.config/nvim/ftdetect/dunstrc.vim
026.493  000.012  000.012: sourcing /home/brian/.config/nvim/ftdetect/fennel.vim
026.522  000.016  000.016: sourcing /home/brian/.config/nvim/ftdetect/lalrpop.vim
026.546  000.011  000.011: sourcing /home/brian/.config/nvim/ftdetect/lua.vim
026.575  000.015  000.015: sourcing /home/brian/.config/nvim/ftdetect/markdown.vim
026.601  000.013  000.013: sourcing /home/brian/.config/nvim/ftdetect/rasi.vim
026.628  000.015  000.015: sourcing /home/brian/.config/nvim/ftdetect/sxhkdrc.vim
026.652  000.012  000.012: sourcing /home/brian/.config/nvim/ftdetect/teal.vim
026.676  000.012  000.012: sourcing /home/brian/.config/nvim/ftdetect/tex.vim
026.700  000.012  000.012: sourcing /home/brian/.config/nvim/ftdetect/toml.vim
026.724  000.013  000.013: sourcing /home/brian/.config/nvim/ftdetect/yaml.vim
026.853  000.016  000.016: sourcing /usr/share/vim/vimfiles/ftdetect/PKGBUILD.vim
026.891  000.025  000.025: sourcing /usr/share/vim/vimfiles/ftdetect/meson.vim
027.295  000.014  000.014: sourcing /home/brian/.local/share/nvim/site/pack/packer/start/insta.nvim/ftdetect/snap.vim
027.323  000.012  000.012: sourcing /home/brian/.local/share/nvim/site/pack/packer/start/lalrpop.vim/ftdetect/lalrpop.vim
027.360  000.021  000.021: sourcing /home/brian/.local/share/nvim/site/pack/packer/start/nvim-treesitter/ftdetect/query.vim
027.389  000.012  000.012: sourcing /home/brian/.local/share/nvim/site/pack/packer/start/pest.vim/ftdetect/pest.vim
027.413  000.010  000.010: sourcing /home/brian/.local/share/nvim/site/pack/packer/start/vim-fugitive/ftdetect/fugitive.vim
027.580  008.271  007.942: sourcing /usr/share/nvim/runtime/filetype.vim
027.962  000.038  000.038: sourcing /usr/share/nvim/runtime/ftplugin.vim
028.349  000.037  000.037: sourcing /usr/share/nvim/runtime/indent.vim
029.085  000.293  000.293: sourcing /usr/share/nvim/runtime/syntax/syncolor.vim
029.531  000.794  000.500: sourcing /usr/share/nvim/runtime/syntax/synload.vim
029.561  000.881  000.087: sourcing /usr/share/nvim/runtime/syntax/syntax.vim
031.939  000.123  000.123: sourcing /home/brian/.config/nvim/plugin/autocommands.vim
031.982  000.027  000.027: sourcing /home/brian/.config/nvim/plugin/mappings/command.vim
032.021  000.027  000.027: sourcing /home/brian/.config/nvim/plugin/mappings/insert.vim
032.224  000.190  000.190: sourcing /home/brian/.config/nvim/plugin/mappings/leader.vim
032.367  000.127  000.127: sourcing /home/brian/.config/nvim/plugin/mappings/normal.vim
032.395  000.013  000.013: sourcing /home/brian/.config/nvim/plugin/mappings/visual.vim
052.374  000.237  000.237: sourcing /usr/share/nvim/runtime/syntax/syncolor.vim
053.776  000.214  000.214: sourcing /usr/share/nvim/runtime/syntax/syncolor.vim
066.609  015.084  014.633: sourcing /home/brian/.local/share/nvim/site/pack/packer/start/gruvbox/colors/gruvbox.vim
068.012  000.452  000.452: sourcing /usr/share/nvim/runtime/syntax/syncolor.vim
070.363  000.418  000.418: sourcing /usr/share/nvim/runtime/syntax/syncolor.vim
082.156  015.340  014.470: sourcing /home/brian/.local/share/nvim/site/pack/packer/start/gruvbox/colors/gruvbox.vim
115.904  000.034  000.034: sourcing /home/brian/.local/share/nvim/site/pack/packer/opt/vimtex/ftdetect/tex.vim
115.956  000.026  000.026: sourcing /home/brian/.local/share/nvim/site/pack/packer/opt/haskell-vim/ftdetect/haskell.vim
115.973  083.563  053.079: sourcing /home/brian/.config/nvim/plugin/packer_compiled.vim
116.653  000.665  000.665: sourcing /home/brian/.config/nvim/plugin/settings.vim
116.939  000.018  000.018: sourcing /usr/share/nvim/runtime/plugin/gzip.vim
116.965  000.011  000.011: sourcing /usr/share/nvim/runtime/plugin/health.vim
117.056  000.080  000.080: sourcing /usr/share/nvim/runtime/plugin/man.vim
117.820  000.284  000.284: sourcing /usr/share/nvim/runtime/pack/dist/opt/matchit/plugin/matchit.vim
117.868  000.797  000.513: sourcing /usr/share/nvim/runtime/plugin/matchit.vim
118.054  000.172  000.172: sourcing /usr/share/nvim/runtime/plugin/matchparen.vim
118.090  000.021  000.021: sourcing /usr/share/nvim/runtime/plugin/netrwPlugin.vim
118.423  000.035  000.035: sourcing /home/brian/.local/share/nvim/site/pack/packer/start/nvim-treesitter/autoload/nvim_treesitter.vim
118.692  000.012  000.012: sourcing /home/brian/.local/share/nvim/rplugin.vim
118.700  000.594  000.547: sourcing /usr/share/nvim/runtime/plugin/rplugin.vim
118.824  000.112  000.112: sourcing /usr/share/nvim/runtime/plugin/shada.vim
118.879  000.030  000.030: sourcing /usr/share/nvim/runtime/plugin/spellfile.vim
118.916  000.019  000.019: sourcing /usr/share/nvim/runtime/plugin/tarPlugin.vim
118.945  000.013  000.013: sourcing /usr/share/nvim/runtime/plugin/tohtml.vim
118.982  000.022  000.022: sourcing /usr/share/nvim/runtime/plugin/tutor.vim
119.018  000.020  000.020: sourcing /usr/share/nvim/runtime/plugin/zipPlugin.vim
119.784  000.686  000.686: sourcing /usr/share/vim/vimfiles/plugin/fzf.vim
120.429  000.618  000.618: sourcing /usr/share/vim/vimfiles/plugin/skim.vim
120.434  003.991: loading plugins
120.929  000.029  000.029: sourcing /home/brian/.local/share/nvim/site/pack/packer/start/aniseed/plugin/aniseed.vim
121.433  000.422  000.422: sourcing /home/brian/.local/share/nvim/site/pack/packer/start/auto-pairs/plugin/auto-pairs.vim
121.622  000.066  000.066: sourcing /home/brian/.local/share/nvim/site/pack/packer/start/firenvim/plugin/firenvim.vim
121.720  000.021  000.021: sourcing /home/brian/.local/share/nvim/site/pack/packer/start/fzf/plugin/fzf.vim
122.756  000.952  000.952: sourcing /home/brian/.local/share/nvim/site/pack/packer/start/fzf.vim/plugin/fzf.vim
123.010  000.142  000.142: sourcing /home/brian/.local/share/nvim/site/pack/packer/start/galaxyline.nvim/plugin/galaxyline.vim
123.625  000.491  000.491: sourcing /home/brian/.local/share/nvim/site/pack/packer/start/insta.nvim/plugin/nvim-treesitter-snap.vim
123.688  000.014  000.014: sourcing /home/brian/.local/share/nvim/site/pack/packer/start/insta.nvim/ftdetect/snap.vim
123.762  000.014  000.014: sourcing /home/brian/.local/share/nvim/site/pack/packer/start/lalrpop.vim/ftdetect/lalrpop.vim
124.818  000.962  000.962: sourcing /home/brian/.local/share/nvim/site/pack/packer/start/nlua.nvim/plugin/nlua.vim
125.042  000.139  000.139: sourcing /home/brian/.local/share/nvim/site/pack/packer/start/nvim-compe/plugin/compe.vim
125.190  000.041  000.041: sourcing /home/brian/.local/share/nvim/site/pack/packer/start/nvim-lspconfig/plugin/lspconfig.vim
126.249  000.977  000.977: sourcing /home/brian/.local/share/nvim/site/pack/packer/start/nvim-treesitter/plugin/nvim-treesitter.vim
126.331  000.023  000.023: sourcing /home/brian/.local/share/nvim/site/pack/packer/start/nvim-treesitter/ftdetect/query.vim
126.790  000.384  000.384: sourcing /home/brian/.local/share/nvim/site/pack/packer/start/nvim-treesitter-refactor/plugin/nvim-treesitter-refactor.vim
129.133  002.246  002.246: sourcing /home/brian/.local/share/nvim/site/pack/packer/start/nvim-treesitter-textobjects/plugin/nvim-treesitter-textobjects.vim
129.277  000.045  000.045: sourcing /home/brian/.local/share/nvim/site/pack/packer/start/nvim-web-devicons/plugin/nvim-web-devicons.vim
129.388  000.015  000.015: sourcing /home/brian/.local/share/nvim/site/pack/packer/start/pest.vim/ftdetect/pest.vim
131.173  001.710  001.710: sourcing /home/brian/.local/share/nvim/site/pack/packer/start/plenary.nvim/plugin/plenary.vim
131.658  000.285  000.285: sourcing /home/brian/.local/share/nvim/site/pack/packer/start/targets.vim/plugin/targets.vim
132.322  000.512  000.512: sourcing /home/brian/.local/share/nvim/site/pack/packer/start/telescope.nvim/plugin/telescope.vim
132.507  000.092  000.092: sourcing /home/brian/.local/share/nvim/site/pack/packer/start/termwrapper.nvim/plugin/termwrapper.vim
132.754  000.160  000.160: sourcing /home/brian/.local/share/nvim/site/pack/packer/start/vim-commentary/plugin/commentary.vim
134.653  001.797  001.797: sourcing /home/brian/.local/share/nvim/site/pack/packer/start/vim-fugitive/plugin/fugitive.vim
134.729  000.014  000.014: sourcing /home/brian/.local/share/nvim/site/pack/packer/start/vim-fugitive/ftdetect/fugitive.vim
135.359  000.537  000.537: sourcing /home/brian/.local/share/nvim/site/pack/packer/start/vim-surround/plugin/surround.vim
144.503  009.044  009.044: sourcing /home/brian/.local/share/nvim/site/pack/packer/start/vim-unimpaired/plugin/unimpaired.vim
145.091  000.495  000.495: sourcing /home/brian/.local/share/nvim/site/pack/packer/start/vim-vsnip/plugin/vsnip.vim
145.220  003.159: loading packages
146.718  001.152  001.152: sourcing /home/brian/.local/share/nvim/site/pack/packer/start/nvim-compe/after/plugin/compe_buffer.vim
147.511  000.769  000.769: sourcing /home/brian/.local/share/nvim/site/pack/packer/start/nvim-compe/after/plugin/compe_calc.vim
148.547  001.015  001.015: sourcing /home/brian/.local/share/nvim/site/pack/packer/start/nvim-compe/after/plugin/compe_nvim_lsp.vim
149.372  000.804  000.804: sourcing /home/brian/.local/share/nvim/site/pack/packer/start/nvim-compe/after/plugin/compe_nvim_lua.vim
150.175  000.777  000.777: sourcing /home/brian/.local/share/nvim/site/pack/packer/start/nvim-compe/after/plugin/compe_omni.vim
151.056  000.859  000.859: sourcing /home/brian/.local/share/nvim/site/pack/packer/start/nvim-compe/after/plugin/compe_path.vim
152.732  001.651  001.651: sourcing /home/brian/.local/share/nvim/site/pack/packer/start/nvim-compe/after/plugin/compe_snippets_nvim.vim
153.516  000.763  000.763: sourcing /home/brian/.local/share/nvim/site/pack/packer/start/nvim-compe/after/plugin/compe_spell.vim
154.323  000.784  000.784: sourcing /home/brian/.local/share/nvim/site/pack/packer/start/nvim-compe/after/plugin/compe_tags.vim
155.544  001.191  001.191: sourcing /home/brian/.local/share/nvim/site/pack/packer/start/nvim-compe/after/plugin/compe_treesitter.vim
155.595  000.027  000.027: sourcing /home/brian/.local/share/nvim/site/pack/packer/start/nvim-compe/after/plugin/compe_ultisnips.vim
155.648  000.029  000.029: sourcing /home/brian/.local/share/nvim/site/pack/packer/start/nvim-compe/after/plugin/compe_vim_lsc.vim
155.694  000.024  000.024: sourcing /home/brian/.local/share/nvim/site/pack/packer/start/nvim-compe/after/plugin/compe_vim_lsp.vim
156.510  000.797  000.797: sourcing /home/brian/.local/share/nvim/site/pack/packer/start/nvim-compe/after/plugin/compe_vsnip.vim
156.625  000.761: loading after plugins
156.641  000.015: inits 3
159.827  003.186: reading ShaDa
160.084  000.257: opening buffers
161.554  001.471: BufEnter autocommands
161.558  000.004: editing files in windows
161.574  000.016: VimEnter autocommands
162.221  000.422  000.422: sourcing /home/brian/.local/share/nvim/site/pack/packer/start/firenvim/autoload/firenvim.vim
162.254  000.258: UIEnter autocommands
162.754  000.257  000.257: sourcing /usr/share/nvim/runtime/autoload/provider/clipboard.vim
162.761  000.250: before starting main loop
163.941  001.180: first screen update
163.944  000.003: --- NVIM STARTED ---


times in msec
 clock   self+sourced   self:  sourced script
 clock   elapsed:              other lines

000.008  000.008: --- NVIM STARTING ---
000.309  000.301: locale set
000.708  000.399: inits 1
000.724  000.015: window checked
000.726  000.002: parsing arguments
000.778  000.052: expanding arguments
000.818  000.040: inits 2
001.259  000.441: init highlight
001.260  000.001: waiting for UI
002.943  001.683: done waiting for UI
002.974  000.031: initialized screen early for UI
003.091  000.016  000.016: sourcing /usr/share/nvim/archlinux.vim
003.096  000.040  000.024: sourcing /etc/xdg//nvim/sysinit.vim
019.655  016.642: sourcing vimrc file(s)
026.795  000.015  000.015: sourcing /home/brian/.config/nvim/ftdetect/cfg.vim
026.829  000.017  000.017: sourcing /home/brian/.config/nvim/ftdetect/conf.vim
026.854  000.013  000.013: sourcing /home/brian/.config/nvim/ftdetect/csv.vim
026.893  000.027  000.027: sourcing /home/brian/.config/nvim/ftdetect/dosini.vim
026.923  000.016  000.016: sourcing /home/brian/.config/nvim/ftdetect/dunstrc.vim
026.949  000.012  000.012: sourcing /home/brian/.config/nvim/ftdetect/fennel.vim
026.978  000.016  000.016: sourcing /home/brian/.config/nvim/ftdetect/lalrpop.vim
027.003  000.012  000.012: sourcing /home/brian/.config/nvim/ftdetect/lua.vim
027.033  000.016  000.016: sourcing /home/brian/.config/nvim/ftdetect/markdown.vim
027.059  000.013  000.013: sourcing /home/brian/.config/nvim/ftdetect/rasi.vim
027.087  000.015  000.015: sourcing /home/brian/.config/nvim/ftdetect/sxhkdrc.vim
027.112  000.012  000.012: sourcing /home/brian/.config/nvim/ftdetect/teal.vim
027.136  000.010  000.010: sourcing /home/brian/.config/nvim/ftdetect/tex.vim
027.160  000.012  000.012: sourcing /home/brian/.config/nvim/ftdetect/toml.vim
027.185  000.013  000.013: sourcing /home/brian/.config/nvim/ftdetect/yaml.vim
027.315  000.016  000.016: sourcing /usr/share/vim/vimfiles/ftdetect/PKGBUILD.vim
027.353  000.025  000.025: sourcing /usr/share/vim/vimfiles/ftdetect/meson.vim
027.745  000.013  000.013: sourcing /home/brian/.local/share/nvim/site/pack/packer/start/insta.nvim/ftdetect/snap.vim
027.772  000.013  000.013: sourcing /home/brian/.local/share/nvim/site/pack/packer/start/lalrpop.vim/ftdetect/lalrpop.vim
027.809  000.021  000.021: sourcing /home/brian/.local/share/nvim/site/pack/packer/start/nvim-treesitter/ftdetect/query.vim
027.837  000.012  000.012: sourcing /home/brian/.local/share/nvim/site/pack/packer/start/pest.vim/ftdetect/pest.vim
027.861  000.010  000.010: sourcing /home/brian/.local/share/nvim/site/pack/packer/start/vim-fugitive/ftdetect/fugitive.vim
028.028  008.327  007.996: sourcing /usr/share/nvim/runtime/filetype.vim
028.407  000.038  000.038: sourcing /usr/share/nvim/runtime/ftplugin.vim
028.787  000.036  000.036: sourcing /usr/share/nvim/runtime/indent.vim
029.522  000.293  000.293: sourcing /usr/share/nvim/runtime/syntax/syncolor.vim
029.933  000.762  000.468: sourcing /usr/share/nvim/runtime/syntax/synload.vim
029.963  000.851  000.089: sourcing /usr/share/nvim/runtime/syntax/syntax.vim
032.347  000.123  000.123: sourcing /home/brian/.config/nvim/plugin/autocommands.vim
032.390  000.028  000.028: sourcing /home/brian/.config/nvim/plugin/mappings/command.vim
032.430  000.027  000.027: sourcing /home/brian/.config/nvim/plugin/mappings/insert.vim
032.634  000.190  000.190: sourcing /home/brian/.config/nvim/plugin/mappings/leader.vim
032.795  000.143  000.143: sourcing /home/brian/.config/nvim/plugin/mappings/normal.vim
032.827  000.014  000.014: sourcing /home/brian/.config/nvim/plugin/mappings/visual.vim
052.720  000.254  000.254: sourcing /usr/share/nvim/runtime/syntax/syncolor.vim
054.133  000.204  000.204: sourcing /usr/share/nvim/runtime/syntax/syncolor.vim
066.942  015.080  014.622: sourcing /home/brian/.local/share/nvim/site/pack/packer/start/gruvbox/colors/gruvbox.vim
068.333  000.428  000.428: sourcing /usr/share/nvim/runtime/syntax/syncolor.vim
070.747  000.403  000.403: sourcing /usr/share/nvim/runtime/syntax/syncolor.vim
082.783  015.635  014.804: sourcing /home/brian/.local/share/nvim/site/pack/packer/start/gruvbox/colors/gruvbox.vim
116.329  000.034  000.034: sourcing /home/brian/.local/share/nvim/site/pack/packer/opt/vimtex/ftdetect/tex.vim
116.385  000.026  000.026: sourcing /home/brian/.local/share/nvim/site/pack/packer/opt/haskell-vim/ftdetect/haskell.vim
116.401  083.560  052.785: sourcing /home/brian/.config/nvim/plugin/packer_compiled.vim
117.075  000.659  000.659: sourcing /home/brian/.config/nvim/plugin/settings.vim
117.377  000.019  000.019: sourcing /usr/share/nvim/runtime/plugin/gzip.vim
117.405  000.012  000.012: sourcing /usr/share/nvim/runtime/plugin/health.vim
117.497  000.080  000.080: sourcing /usr/share/nvim/runtime/plugin/man.vim
118.252  000.279  000.279: sourcing /usr/share/nvim/runtime/pack/dist/opt/matchit/plugin/matchit.vim
118.313  000.800  000.522: sourcing /usr/share/nvim/runtime/plugin/matchit.vim
118.509  000.181  000.181: sourcing /usr/share/nvim/runtime/plugin/matchparen.vim
118.552  000.022  000.022: sourcing /usr/share/nvim/runtime/plugin/netrwPlugin.vim
118.881  000.033  000.033: sourcing /home/brian/.local/share/nvim/site/pack/packer/start/nvim-treesitter/autoload/nvim_treesitter.vim
119.154  000.014  000.014: sourcing /home/brian/.local/share/nvim/rplugin.vim
119.162  000.596  000.549: sourcing /usr/share/nvim/runtime/plugin/rplugin.vim
119.310  000.136  000.136: sourcing /usr/share/nvim/runtime/plugin/shada.vim
119.375  000.036  000.036: sourcing /usr/share/nvim/runtime/plugin/spellfile.vim
119.434  000.037  000.037: sourcing /usr/share/nvim/runtime/plugin/tarPlugin.vim
119.488  000.020  000.020: sourcing /usr/share/nvim/runtime/plugin/tohtml.vim
119.542  000.036  000.036: sourcing /usr/share/nvim/runtime/plugin/tutor.vim
119.590  000.024  000.024: sourcing /usr/share/nvim/runtime/plugin/zipPlugin.vim
120.346  000.668  000.668: sourcing /usr/share/vim/vimfiles/plugin/fzf.vim
120.996  000.624  000.624: sourcing /usr/share/vim/vimfiles/plugin/skim.vim
121.001  004.058: loading plugins
121.467  000.027  000.027: sourcing /home/brian/.local/share/nvim/site/pack/packer/start/aniseed/plugin/aniseed.vim
121.969  000.421  000.421: sourcing /home/brian/.local/share/nvim/site/pack/packer/start/auto-pairs/plugin/auto-pairs.vim
122.152  000.064  000.064: sourcing /home/brian/.local/share/nvim/site/pack/packer/start/firenvim/plugin/firenvim.vim
122.254  000.022  000.022: sourcing /home/brian/.local/share/nvim/site/pack/packer/start/fzf/plugin/fzf.vim
123.268  000.937  000.937: sourcing /home/brian/.local/share/nvim/site/pack/packer/start/fzf.vim/plugin/fzf.vim
123.524  000.165  000.165: sourcing /home/brian/.local/share/nvim/site/pack/packer/start/galaxyline.nvim/plugin/galaxyline.vim
124.168  000.519  000.519: sourcing /home/brian/.local/share/nvim/site/pack/packer/start/insta.nvim/plugin/nvim-treesitter-snap.vim
124.231  000.015  000.015: sourcing /home/brian/.local/share/nvim/site/pack/packer/start/insta.nvim/ftdetect/snap.vim
124.306  000.015  000.015: sourcing /home/brian/.local/share/nvim/site/pack/packer/start/lalrpop.vim/ftdetect/lalrpop.vim
125.394  000.996  000.996: sourcing /home/brian/.local/share/nvim/site/pack/packer/start/nlua.nvim/plugin/nlua.vim
125.611  000.133  000.133: sourcing /home/brian/.local/share/nvim/site/pack/packer/start/nvim-compe/plugin/compe.vim
125.770  000.044  000.044: sourcing /home/brian/.local/share/nvim/site/pack/packer/start/nvim-lspconfig/plugin/lspconfig.vim
126.799  000.936  000.936: sourcing /home/brian/.local/share/nvim/site/pack/packer/start/nvim-treesitter/plugin/nvim-treesitter.vim
126.886  000.029  000.029: sourcing /home/brian/.local/share/nvim/site/pack/packer/start/nvim-treesitter/ftdetect/query.vim
127.340  000.377  000.377: sourcing /home/brian/.local/share/nvim/site/pack/packer/start/nvim-treesitter-refactor/plugin/nvim-treesitter-refactor.vim
129.500  002.070  002.070: sourcing /home/brian/.local/share/nvim/site/pack/packer/start/nvim-treesitter-textobjects/plugin/nvim-treesitter-textobjects.vim
129.638  000.042  000.042: sourcing /home/brian/.local/share/nvim/site/pack/packer/start/nvim-web-devicons/plugin/nvim-web-devicons.vim
129.751  000.016  000.016: sourcing /home/brian/.local/share/nvim/site/pack/packer/start/pest.vim/ftdetect/pest.vim
131.616  001.798  001.798: sourcing /home/brian/.local/share/nvim/site/pack/packer/start/plenary.nvim/plugin/plenary.vim
132.090  000.285  000.285: sourcing /home/brian/.local/share/nvim/site/pack/packer/start/targets.vim/plugin/targets.vim
132.779  000.524  000.524: sourcing /home/brian/.local/share/nvim/site/pack/packer/start/telescope.nvim/plugin/telescope.vim
132.963  000.094  000.094: sourcing /home/brian/.local/share/nvim/site/pack/packer/start/termwrapper.nvim/plugin/termwrapper.vim
133.198  000.150  000.150: sourcing /home/brian/.local/share/nvim/site/pack/packer/start/vim-commentary/plugin/commentary.vim
135.096  001.805  001.805: sourcing /home/brian/.local/share/nvim/site/pack/packer/start/vim-fugitive/plugin/fugitive.vim
135.167  000.014  000.014: sourcing /home/brian/.local/share/nvim/site/pack/packer/start/vim-fugitive/ftdetect/fugitive.vim
135.849  000.590  000.590: sourcing /home/brian/.local/share/nvim/site/pack/packer/start/vim-surround/plugin/surround.vim
145.114  009.167  009.167: sourcing /home/brian/.local/share/nvim/site/pack/packer/start/vim-unimpaired/plugin/unimpaired.vim
145.699  000.484  000.484: sourcing /home/brian/.local/share/nvim/site/pack/packer/start/vim-vsnip/plugin/vsnip.vim
145.837  003.100: loading packages
147.364  001.136  001.136: sourcing /home/brian/.local/share/nvim/site/pack/packer/start/nvim-compe/after/plugin/compe_buffer.vim
148.153  000.766  000.766: sourcing /home/brian/.local/share/nvim/site/pack/packer/start/nvim-compe/after/plugin/compe_calc.vim
149.209  001.034  001.034: sourcing /home/brian/.local/share/nvim/site/pack/packer/start/nvim-compe/after/plugin/compe_nvim_lsp.vim
150.055  000.824  000.824: sourcing /home/brian/.local/share/nvim/site/pack/packer/start/nvim-compe/after/plugin/compe_nvim_lua.vim
150.888  000.798  000.798: sourcing /home/brian/.local/share/nvim/site/pack/packer/start/nvim-compe/after/plugin/compe_omni.vim
151.787  000.876  000.876: sourcing /home/brian/.local/share/nvim/site/pack/packer/start/nvim-compe/after/plugin/compe_path.vim
153.524  001.713  001.713: sourcing /home/brian/.local/share/nvim/site/pack/packer/start/nvim-compe/after/plugin/compe_snippets_nvim.vim
154.306  000.760  000.760: sourcing /home/brian/.local/share/nvim/site/pack/packer/start/nvim-compe/after/plugin/compe_spell.vim
155.111  000.784  000.784: sourcing /home/brian/.local/share/nvim/site/pack/packer/start/nvim-compe/after/plugin/compe_tags.vim
156.375  001.239  001.239: sourcing /home/brian/.local/share/nvim/site/pack/packer/start/nvim-compe/after/plugin/compe_treesitter.vim
156.424  000.026  000.026: sourcing /home/brian/.local/share/nvim/site/pack/packer/start/nvim-compe/after/plugin/compe_ultisnips.vim
156.471  000.025  000.025: sourcing /home/brian/.local/share/nvim/site/pack/packer/start/nvim-compe/after/plugin/compe_vim_lsc.vim
156.513  000.024  000.024: sourcing /home/brian/.local/share/nvim/site/pack/packer/start/nvim-compe/after/plugin/compe_vim_lsp.vim
157.364  000.831  000.831: sourcing /home/brian/.local/share/nvim/site/pack/packer/start/nvim-compe/after/plugin/compe_vsnip.vim
157.476  000.803: loading after plugins
157.491  000.015: inits 3
160.757  003.265: reading ShaDa
161.024  000.267: opening buffers
162.531  001.507: BufEnter autocommands
162.535  000.004: editing files in windows
162.553  000.018: VimEnter autocommands
163.216  000.420  000.420: sourcing /home/brian/.local/share/nvim/site/pack/packer/start/firenvim/autoload/firenvim.vim
163.249  000.275: UIEnter autocommands
163.760  000.260  000.260: sourcing /usr/share/nvim/runtime/autoload/provider/clipboard.vim
163.767  000.259: before starting main loop
165.001  001.234: first screen update
165.004  000.003: --- NVIM STARTED ---


times in msec
 clock   self+sourced   self:  sourced script
 clock   elapsed:              other lines

000.018  000.018: --- NVIM STARTING ---
000.551  000.533: locale set
001.233  000.682: inits 1
001.260  000.027: window checked
001.265  000.004: parsing arguments
001.351  000.087: expanding arguments
001.420  000.069: inits 2
002.483  001.063: init highlight
002.486  000.003: waiting for UI
004.391  001.906: done waiting for UI
004.474  000.083: initialized screen early for UI
004.725  000.029  000.029: sourcing /usr/share/nvim/archlinux.vim
004.735  000.083  000.054: sourcing /etc/xdg//nvim/sysinit.vim
046.437  041.879: sourcing vimrc file(s)
055.541  000.015  000.015: sourcing /home/brian/.config/nvim/ftdetect/cfg.vim
055.573  000.017  000.017: sourcing /home/brian/.config/nvim/ftdetect/conf.vim
055.608  000.018  000.018: sourcing /home/brian/.config/nvim/ftdetect/csv.vim
055.652  000.028  000.028: sourcing /home/brian/.config/nvim/ftdetect/dosini.vim
055.681  000.017  000.017: sourcing /home/brian/.config/nvim/ftdetect/dunstrc.vim
055.706  000.012  000.012: sourcing /home/brian/.config/nvim/ftdetect/fennel.vim
055.738  000.017  000.017: sourcing /home/brian/.config/nvim/ftdetect/lalrpop.vim
055.761  000.011  000.011: sourcing /home/brian/.config/nvim/ftdetect/lua.vim
055.791  000.016  000.016: sourcing /home/brian/.config/nvim/ftdetect/markdown.vim
055.817  000.013  000.013: sourcing /home/brian/.config/nvim/ftdetect/rasi.vim
055.851  000.015  000.015: sourcing /home/brian/.config/nvim/ftdetect/sxhkdrc.vim
055.877  000.013  000.013: sourcing /home/brian/.config/nvim/ftdetect/teal.vim
055.900  000.010  000.010: sourcing /home/brian/.config/nvim/ftdetect/tex.vim
055.922  000.011  000.011: sourcing /home/brian/.config/nvim/ftdetect/toml.vim
055.947  000.012  000.012: sourcing /home/brian/.config/nvim/ftdetect/yaml.vim
056.078  000.016  000.016: sourcing /usr/share/vim/vimfiles/ftdetect/PKGBUILD.vim
056.117  000.026  000.026: sourcing /usr/share/vim/vimfiles/ftdetect/meson.vim
056.508  000.013  000.013: sourcing /home/brian/.local/share/nvim/site/pack/packer/start/insta.nvim/ftdetect/snap.vim
056.535  000.012  000.012: sourcing /home/brian/.local/share/nvim/site/pack/packer/start/lalrpop.vim/ftdetect/lalrpop.vim
056.569  000.021  000.021: sourcing /home/brian/.local/share/nvim/site/pack/packer/start/nvim-treesitter/ftdetect/query.vim
056.598  000.012  000.012: sourcing /home/brian/.local/share/nvim/site/pack/packer/start/pest.vim/ftdetect/pest.vim
056.621  000.010  000.010: sourcing /home/brian/.local/share/nvim/site/pack/packer/start/vim-fugitive/ftdetect/fugitive.vim
056.801  010.268  009.934: sourcing /usr/share/nvim/runtime/filetype.vim
057.180  000.038  000.038: sourcing /usr/share/nvim/runtime/ftplugin.vim
057.571  000.036  000.036: sourcing /usr/share/nvim/runtime/indent.vim
058.317  000.295  000.295: sourcing /usr/share/nvim/runtime/syntax/syncolor.vim
058.742  000.775  000.481: sourcing /usr/share/nvim/runtime/syntax/synload.vim
058.771  000.863  000.088: sourcing /usr/share/nvim/runtime/syntax/syntax.vim
061.153  000.125  000.125: sourcing /home/brian/.config/nvim/plugin/autocommands.vim
061.197  000.028  000.028: sourcing /home/brian/.config/nvim/plugin/mappings/command.vim
061.236  000.027  000.027: sourcing /home/brian/.config/nvim/plugin/mappings/insert.vim
061.442  000.191  000.191: sourcing /home/brian/.config/nvim/plugin/mappings/leader.vim
061.587  000.129  000.129: sourcing /home/brian/.config/nvim/plugin/mappings/normal.vim
061.615  000.013  000.013: sourcing /home/brian/.config/nvim/plugin/mappings/visual.vim
081.571  000.250  000.250: sourcing /usr/share/nvim/runtime/syntax/syncolor.vim
082.859  000.213  000.213: sourcing /usr/share/nvim/runtime/syntax/syncolor.vim
095.044  014.328  013.865: sourcing /home/brian/.local/share/nvim/site/pack/packer/start/gruvbox/colors/gruvbox.vim
096.421  000.394  000.394: sourcing /usr/share/nvim/runtime/syntax/syncolor.vim
099.037  000.408  000.408: sourcing /usr/share/nvim/runtime/syntax/syncolor.vim
110.789  015.551  014.748: sourcing /home/brian/.local/share/nvim/site/pack/packer/start/gruvbox/colors/gruvbox.vim
143.657  000.033  000.033: sourcing /home/brian/.local/share/nvim/site/pack/packer/opt/vimtex/ftdetect/tex.vim
143.711  000.027  000.027: sourcing /home/brian/.local/share/nvim/site/pack/packer/opt/haskell-vim/ftdetect/haskell.vim
143.727  082.098  052.159: sourcing /home/brian/.config/nvim/plugin/packer_compiled.vim
144.403  000.662  000.662: sourcing /home/brian/.config/nvim/plugin/settings.vim
144.693  000.018  000.018: sourcing /usr/share/nvim/runtime/plugin/gzip.vim
144.719  000.011  000.011: sourcing /usr/share/nvim/runtime/plugin/health.vim
144.810  000.080  000.080: sourcing /usr/share/nvim/runtime/plugin/man.vim
145.555  000.272  000.272: sourcing /usr/share/nvim/runtime/pack/dist/opt/matchit/plugin/matchit.vim
145.609  000.784  000.512: sourcing /usr/share/nvim/runtime/plugin/matchit.vim
145.791  000.168  000.168: sourcing /usr/share/nvim/runtime/plugin/matchparen.vim
145.829  000.022  000.022: sourcing /usr/share/nvim/runtime/plugin/netrwPlugin.vim
146.156  000.034  000.034: sourcing /home/brian/.local/share/nvim/site/pack/packer/start/nvim-treesitter/autoload/nvim_treesitter.vim
146.419  000.012  000.012: sourcing /home/brian/.local/share/nvim/rplugin.vim
146.427  000.582  000.536: sourcing /usr/share/nvim/runtime/plugin/rplugin.vim
146.553  000.115  000.115: sourcing /usr/share/nvim/runtime/plugin/shada.vim
146.605  000.029  000.029: sourcing /usr/share/nvim/runtime/plugin/spellfile.vim
146.646  000.020  000.020: sourcing /usr/share/nvim/runtime/plugin/tarPlugin.vim
146.676  000.013  000.013: sourcing /usr/share/nvim/runtime/plugin/tohtml.vim
146.714  000.023  000.023: sourcing /usr/share/nvim/runtime/plugin/tutor.vim
146.752  000.021  000.021: sourcing /usr/share/nvim/runtime/plugin/zipPlugin.vim
147.503  000.670  000.670: sourcing /usr/share/vim/vimfiles/plugin/fzf.vim
148.138  000.608  000.608: sourcing /usr/share/vim/vimfiles/plugin/skim.vim
148.142  004.062: loading plugins
148.612  000.027  000.027: sourcing /home/brian/.local/share/nvim/site/pack/packer/start/aniseed/plugin/aniseed.vim
149.111  000.415  000.415: sourcing /home/brian/.local/share/nvim/site/pack/packer/start/auto-pairs/plugin/auto-pairs.vim
149.293  000.064  000.064: sourcing /home/brian/.local/share/nvim/site/pack/packer/start/firenvim/plugin/firenvim.vim
149.392  000.021  000.021: sourcing /home/brian/.local/share/nvim/site/pack/packer/start/fzf/plugin/fzf.vim
150.380  000.911  000.911: sourcing /home/brian/.local/share/nvim/site/pack/packer/start/fzf.vim/plugin/fzf.vim
150.653  000.181  000.181: sourcing /home/brian/.local/share/nvim/site/pack/packer/start/galaxyline.nvim/plugin/galaxyline.vim
151.281  000.490  000.490: sourcing /home/brian/.local/share/nvim/site/pack/packer/start/insta.nvim/plugin/nvim-treesitter-snap.vim
151.344  000.015  000.015: sourcing /home/brian/.local/share/nvim/site/pack/packer/start/insta.nvim/ftdetect/snap.vim
151.419  000.014  000.014: sourcing /home/brian/.local/share/nvim/site/pack/packer/start/lalrpop.vim/ftdetect/lalrpop.vim
152.451  000.942  000.942: sourcing /home/brian/.local/share/nvim/site/pack/packer/start/nlua.nvim/plugin/nlua.vim
152.671  000.136  000.136: sourcing /home/brian/.local/share/nvim/site/pack/packer/start/nvim-compe/plugin/compe.vim
152.817  000.042  000.042: sourcing /home/brian/.local/share/nvim/site/pack/packer/start/nvim-lspconfig/plugin/lspconfig.vim
153.843  000.942  000.942: sourcing /home/brian/.local/share/nvim/site/pack/packer/start/nvim-treesitter/plugin/nvim-treesitter.vim
153.923  000.023  000.023: sourcing /home/brian/.local/share/nvim/site/pack/packer/start/nvim-treesitter/ftdetect/query.vim
154.369  000.375  000.375: sourcing /home/brian/.local/share/nvim/site/pack/packer/start/nvim-treesitter-refactor/plugin/nvim-treesitter-refactor.vim
156.523  002.063  002.063: sourcing /home/brian/.local/share/nvim/site/pack/packer/start/nvim-treesitter-textobjects/plugin/nvim-treesitter-textobjects.vim
156.658  000.043  000.043: sourcing /home/brian/.local/share/nvim/site/pack/packer/start/nvim-web-devicons/plugin/nvim-web-devicons.vim
156.771  000.015  000.015: sourcing /home/brian/.local/share/nvim/site/pack/packer/start/pest.vim/ftdetect/pest.vim
158.557  001.719  001.719: sourcing /home/brian/.local/share/nvim/site/pack/packer/start/plenary.nvim/plugin/plenary.vim
159.062  000.288  000.288: sourcing /home/brian/.local/share/nvim/site/pack/packer/start/targets.vim/plugin/targets.vim
159.776  000.558  000.558: sourcing /home/brian/.local/share/nvim/site/pack/packer/start/telescope.nvim/plugin/telescope.vim
159.954  000.092  000.092: sourcing /home/brian/.local/share/nvim/site/pack/packer/start/termwrapper.nvim/plugin/termwrapper.vim
160.187  000.150  000.150: sourcing /home/brian/.local/share/nvim/site/pack/packer/start/vim-commentary/plugin/commentary.vim
162.014  001.742  001.742: sourcing /home/brian/.local/share/nvim/site/pack/packer/start/vim-fugitive/plugin/fugitive.vim
162.086  000.014  000.014: sourcing /home/brian/.local/share/nvim/site/pack/packer/start/vim-fugitive/ftdetect/fugitive.vim
162.718  000.538  000.538: sourcing /home/brian/.local/share/nvim/site/pack/packer/start/vim-surround/plugin/surround.vim
171.695  008.872  008.872: sourcing /home/brian/.local/share/nvim/site/pack/packer/start/vim-unimpaired/plugin/unimpaired.vim
172.287  000.497  000.497: sourcing /home/brian/.local/share/nvim/site/pack/packer/start/vim-vsnip/plugin/vsnip.vim
172.416  003.086: loading packages
173.843  001.080  001.080: sourcing /home/brian/.local/share/nvim/site/pack/packer/start/nvim-compe/after/plugin/compe_buffer.vim
174.619  000.755  000.755: sourcing /home/brian/.local/share/nvim/site/pack/packer/start/nvim-compe/after/plugin/compe_calc.vim
175.641  001.000  001.000: sourcing /home/brian/.local/share/nvim/site/pack/packer/start/nvim-compe/after/plugin/compe_nvim_lsp.vim
176.452  000.790  000.790: sourcing /home/brian/.local/share/nvim/site/pack/packer/start/nvim-compe/after/plugin/compe_nvim_lua.vim
177.233  000.761  000.761: sourcing /home/brian/.local/share/nvim/site/pack/packer/start/nvim-compe/after/plugin/compe_omni.vim
178.115  000.861  000.861: sourcing /home/brian/.local/share/nvim/site/pack/packer/start/nvim-compe/after/plugin/compe_path.vim
179.753  001.614  001.614: sourcing /home/brian/.local/share/nvim/site/pack/packer/start/nvim-compe/after/plugin/compe_snippets_nvim.vim
180.531  000.757  000.757: sourcing /home/brian/.local/share/nvim/site/pack/packer/start/nvim-compe/after/plugin/compe_spell.vim
181.334  000.781  000.781: sourcing /home/brian/.local/share/nvim/site/pack/packer/start/nvim-compe/after/plugin/compe_tags.vim
182.544  001.186  001.186: sourcing /home/brian/.local/share/nvim/site/pack/packer/start/nvim-compe/after/plugin/compe_treesitter.vim
182.593  000.027  000.027: sourcing /home/brian/.local/share/nvim/site/pack/packer/start/nvim-compe/after/plugin/compe_ultisnips.vim
182.639  000.025  000.025: sourcing /home/brian/.local/share/nvim/site/pack/packer/start/nvim-compe/after/plugin/compe_vim_lsc.vim
182.681  000.023  000.023: sourcing /home/brian/.local/share/nvim/site/pack/packer/start/nvim-compe/after/plugin/compe_vim_lsp.vim
183.477  000.778  000.778: sourcing /home/brian/.local/share/nvim/site/pack/packer/start/nvim-compe/after/plugin/compe_vsnip.vim
183.588  000.734: loading after plugins
183.603  000.015: inits 3
186.834  003.230: reading ShaDa
187.096  000.262: opening buffers
188.561  001.465: BufEnter autocommands
188.565  000.004: editing files in windows
188.580  000.015: VimEnter autocommands
189.218  000.419  000.419: sourcing /home/brian/.local/share/nvim/site/pack/packer/start/firenvim/autoload/firenvim.vim
189.251  000.252: UIEnter autocommands
189.751  000.257  000.257: sourcing /usr/share/nvim/runtime/autoload/provider/clipboard.vim
189.758  000.251: before starting main loop
190.973  001.215: first screen update
190.976  000.003: --- NVIM STARTED ---
