

times in msec
 clock   self+sourced   self:  sourced script
 clock   elapsed:              other lines

000.010  000.010: --- NVIM STARTING ---
000.453  000.443: locale set
001.026  000.574: inits 1
001.049  000.023: window checked
001.055  000.006: parsing arguments
001.144  000.089: expanding arguments
001.216  000.072: inits 2
002.093  000.877: init highlight
002.095  000.002: waiting for UI
003.725  001.630: done waiting for UI
003.777  000.052: initialized screen early for UI
006.672  002.639  002.639: sourcing $VIM/sysinit.vim
020.220  013.496  013.496: sourcing /home/brian/.config/nvim/init.vim
020.229  000.317: sourcing vimrc file(s)
025.643  000.010  000.010: sourcing /home/brian/.config/nvim/ftdetect/cfg.vim
025.665  000.013  000.013: sourcing /home/brian/.config/nvim/ftdetect/conf.vim
025.696  000.022  000.022: sourcing /home/brian/.config/nvim/ftdetect/csv.vim
025.721  000.017  000.017: sourcing /home/brian/.config/nvim/ftdetect/dosini.vim
025.740  000.012  000.012: sourcing /home/brian/.config/nvim/ftdetect/dunstrc.vim
025.755  000.007  000.007: sourcing /home/brian/.config/nvim/ftdetect/fennel.vim
025.773  000.010  000.010: sourcing /home/brian/.config/nvim/ftdetect/lalrpop.vim
025.787  000.008  000.008: sourcing /home/brian/.config/nvim/ftdetect/lua.vim
025.805  000.011  000.011: sourcing /home/brian/.config/nvim/ftdetect/markdown.vim
025.821  000.008  000.008: sourcing /home/brian/.config/nvim/ftdetect/rasi.vim
025.839  000.010  000.010: sourcing /home/brian/.config/nvim/ftdetect/sxhkdrc.vim
025.852  000.007  000.007: sourcing /home/brian/.config/nvim/ftdetect/toml.vim
025.866  000.006  000.006: sourcing /home/brian/.config/nvim/ftdetect/yaml.vim
025.978  000.009  000.009: sourcing /usr/share/vim/vimfiles/ftdetect/PKGBUILD.vim
026.002  000.015  000.015: sourcing /usr/share/vim/vimfiles/ftdetect/dockerfile.vim
026.027  000.018  000.018: sourcing /usr/share/vim/vimfiles/ftdetect/lf.vim
026.055  000.019  000.019: sourcing /usr/share/vim/vimfiles/ftdetect/meson.vim
026.091  000.029  000.029: sourcing /usr/share/vim/vimfiles/ftdetect/task.vim
026.135  005.858  005.626: sourcing /usr/share/nvim/runtime/filetype.vim
026.203  000.023  000.023: sourcing /usr/share/nvim/runtime/ftplugin.vim
026.266  000.019  000.019: sourcing /usr/share/nvim/runtime/indent.vim
026.617  000.243  000.243: sourcing /usr/share/nvim/runtime/syntax/syncolor.vim
026.763  000.428  000.185: sourcing /usr/share/nvim/runtime/syntax/synload.vim
026.781  000.486  000.058: sourcing /usr/share/nvim/runtime/syntax/syntax.vim
046.779  000.243  000.243: sourcing /home/brian/.config/nvim/plugin/autocommands.vim
046.798  000.007  000.007: sourcing /home/brian/.config/nvim/plugin/coc_snippets.vim
046.835  000.029  000.029: sourcing /home/brian/.config/nvim/plugin/commands.vim
046.860  000.018  000.018: sourcing /home/brian/.config/nvim/plugin/mappings/command.vim
046.905  000.039  000.039: sourcing /home/brian/.config/nvim/plugin/mappings/insert.vim
047.273  000.362  000.362: sourcing /home/brian/.config/nvim/plugin/mappings/leader.vim
047.417  000.133  000.133: sourcing /home/brian/.config/nvim/plugin/mappings/normal.vim
047.462  000.036  000.036: sourcing /home/brian/.config/nvim/plugin/mappings/terminal.vim
047.477  000.008  000.008: sourcing /home/brian/.config/nvim/plugin/mappings/visual.vim
049.870  000.726  000.726: sourcing /home/brian/.local/share/nvim/site/pack/packer/opt/vim-polyglot/plugin/polyglot.vim
050.772  000.007  000.007: sourcing /home/brian/.local/share/nvim/site/pack/packer/opt/vim-polyglot/ftdetect/polyglot.vim
051.006  000.265  000.258: sourcing /home/brian/.local/share/nvim/site/pack/packer/opt/vim-polyglot/filetype.vim
051.193  000.006  000.006: sourcing /usr/share/nvim/runtime/filetype.vim
051.305  000.008  000.008: sourcing /home/brian/.config/nvim/ftdetect/cfg.vim
051.320  000.009  000.009: sourcing /home/brian/.config/nvim/ftdetect/conf.vim
051.333  000.006  000.006: sourcing /home/brian/.config/nvim/ftdetect/csv.vim
051.355  000.016  000.016: sourcing /home/brian/.config/nvim/ftdetect/dosini.vim
051.371  000.009  000.009: sourcing /home/brian/.config/nvim/ftdetect/dunstrc.vim
051.409  000.007  000.007: sourcing /home/brian/.config/nvim/ftdetect/fennel.vim
051.425  000.009  000.009: sourcing /home/brian/.config/nvim/ftdetect/lalrpop.vim
051.438  000.006  000.006: sourcing /home/brian/.config/nvim/ftdetect/lua.vim
051.453  000.008  000.008: sourcing /home/brian/.config/nvim/ftdetect/markdown.vim
051.466  000.006  000.006: sourcing /home/brian/.config/nvim/ftdetect/rasi.vim
051.482  000.010  000.010: sourcing /home/brian/.config/nvim/ftdetect/sxhkdrc.vim
051.494  000.006  000.006: sourcing /home/brian/.config/nvim/ftdetect/toml.vim
051.506  000.006  000.006: sourcing /home/brian/.config/nvim/ftdetect/yaml.vim
051.541  000.007  000.007: sourcing /home/brian/.local/share/nvim/site/pack/packer/opt/vim-polyglot/ftdetect/polyglot.vim
051.642  000.008  000.008: sourcing /home/brian/.local/share/nvim/site/pack/packer/start/vim-fugitive/ftdetect/fugitive.vim
051.709  000.013  000.013: sourcing /home/brian/.local/share/nvim/site/pack/packer/start/ultisnips/ftdetect/snippets.vim
051.792  000.007  000.007: sourcing /home/brian/.local/share/nvim/site/pack/packer/start/pest.vim/ftdetect/pest.vim
051.848  000.013  000.013: sourcing /home/brian/.local/share/nvim/site/pack/packer/start/nvim-treesitter/ftdetect/query.vim
051.898  000.008  000.008: sourcing /home/brian/.local/share/nvim/site/pack/packer/start/lalrpop.vim/ftdetect/lalrpop.vim
052.080  000.007  000.007: sourcing /usr/share/vim/vimfiles/ftdetect/PKGBUILD.vim
052.101  000.014  000.014: sourcing /usr/share/vim/vimfiles/ftdetect/dockerfile.vim
052.123  000.015  000.015: sourcing /usr/share/vim/vimfiles/ftdetect/lf.vim
052.146  000.016  000.016: sourcing /usr/share/vim/vimfiles/ftdetect/meson.vim
052.180  000.027  000.027: sourcing /usr/share/vim/vimfiles/ftdetect/task.vim
065.016  005.064  005.064: sourcing /home/brian/.local/share/nvim/site/pack/packer/opt/vim-polyglot/extras/filetype.vim
067.583  017.680  012.101: sourcing /home/brian/.local/share/nvim/site/pack/packer/opt/vim-polyglot/ftdetect/polyglot.vim
083.479  000.134  000.134: sourcing /usr/share/nvim/runtime/syntax/syncolor.vim
084.045  000.114  000.114: sourcing /usr/share/nvim/runtime/syntax/syncolor.vim
091.849  008.977  008.729: sourcing /home/brian/.local/share/nvim/site/pack/packer/start/gruvbox/colors/gruvbox.vim
092.815  000.242  000.242: sourcing /usr/share/nvim/runtime/syntax/syncolor.vim
094.129  000.245  000.245: sourcing /usr/share/nvim/runtime/syntax/syncolor.vim
100.868  008.850  008.364: sourcing /home/brian/.local/share/nvim/site/pack/packer/start/gruvbox/colors/gruvbox.vim
140.760  000.582  000.582: sourcing /home/brian/.local/share/nvim/site/pack/packer/start/vim-repeat/autoload/repeat.vim
140.891  000.859  000.276: sourcing /home/brian/.local/share/nvim/site/pack/packer/start/vim-sandwich/macros/sandwich/keymap/surround.vim
142.072  000.088  000.088: sourcing /home/brian/.local/share/nvim/site/pack/packer/opt/nvim-tree.lua/plugin/tree.vim
143.493  000.222  000.222: sourcing /home/brian/.local/share/nvim/site/pack/packer/opt/vim-tmux-navigator/plugin/tmux_navigator.vim
144.459  000.133  000.133: sourcing /home/brian/.local/share/nvim/site/pack/packer/opt/vimux/plugin/vimux.vim
145.441  097.957  060.423: sourcing /home/brian/.config/nvim/plugin/packer_compiled.vim
145.549  000.094  000.094: sourcing /home/brian/.config/nvim/plugin/settings.vim
146.060  000.210  000.210: sourcing /usr/share/nvim/runtime/plugin/gzip.vim
146.079  000.007  000.007: sourcing /usr/share/nvim/runtime/plugin/health.vim
146.197  000.111  000.111: sourcing /usr/share/nvim/runtime/plugin/man.vim
147.427  000.189  000.189: sourcing /usr/share/nvim/runtime/pack/dist/opt/matchit/plugin/matchit.vim
147.464  001.258  001.069: sourcing /usr/share/nvim/runtime/plugin/matchit.vim
147.593  000.119  000.119: sourcing /usr/share/nvim/runtime/plugin/matchparen.vim
147.614  000.013  000.013: sourcing /usr/share/nvim/runtime/plugin/netrwPlugin.vim
147.725  000.007  000.007: sourcing /home/brian/.local/share/nvim/rplugin.vim
147.729  000.108  000.100: sourcing /usr/share/nvim/runtime/plugin/rplugin.vim
147.906  000.150  000.150: sourcing /usr/share/nvim/runtime/plugin/shada.vim
147.934  000.017  000.017: sourcing /usr/share/nvim/runtime/plugin/spellfile.vim
148.117  000.174  000.174: sourcing /usr/share/nvim/runtime/plugin/tarPlugin.vim
148.199  000.067  000.067: sourcing /usr/share/nvim/runtime/plugin/tohtml.vim
148.222  000.014  000.014: sourcing /usr/share/nvim/runtime/plugin/tutor.vim
148.415  000.185  000.185: sourcing /usr/share/nvim/runtime/plugin/zipPlugin.vim
148.997  000.520  000.520: sourcing /usr/share/vim/vimfiles/plugin/fzf.vim
149.509  000.493  000.493: sourcing /usr/share/vim/vimfiles/plugin/skim.vim
149.528  020.541: loading plugins
149.970  000.017  000.017: sourcing /home/brian/.local/share/nvim/site/pack/packer/start/BetterLua.vim/plugin/BetterLua.vim
150.027  000.011  000.011: sourcing /home/brian/.local/share/nvim/site/pack/packer/start/aniseed/plugin/aniseed.vim
150.430  000.359  000.359: sourcing /home/brian/.local/share/nvim/site/pack/packer/start/auto-pairs/plugin/auto-pairs.vim
150.726  000.204  000.204: sourcing /home/brian/.local/share/nvim/site/pack/packer/start/completion-nvim/plugin/completion.vim
162.047  011.267  011.267: sourcing /home/brian/.local/share/nvim/site/pack/packer/start/completion-treesitter/plugin/completion-treesitter.vim
162.239  000.107  000.107: sourcing /home/brian/.local/share/nvim/site/pack/packer/start/diagnostic-nvim/plugin/diagnostic.vim
162.485  000.192  000.192: sourcing /home/brian/.local/share/nvim/site/pack/packer/start/express_line.nvim/plugin/express_line.vim
162.940  000.410  000.410: sourcing /home/brian/.local/share/nvim/site/pack/packer/start/firenvim/plugin/firenvim.vim
163.022  000.014  000.014: sourcing /home/brian/.local/share/nvim/site/pack/packer/start/fzf/plugin/fzf.vim
163.954  000.890  000.890: sourcing /home/brian/.local/share/nvim/site/pack/packer/start/fzf.vim/plugin/fzf.vim
164.221  000.165  000.165: sourcing /home/brian/.local/share/nvim/site/pack/packer/start/iron.nvim/plugin/iron.vim
164.280  000.009  000.009: sourcing /home/brian/.local/share/nvim/site/pack/packer/start/lalrpop.vim/ftdetect/lalrpop.vim
164.375  000.028  000.028: sourcing /home/brian/.local/share/nvim/site/pack/packer/start/nvim-colorizer.lua/plugin/colorizer.vim
164.465  000.046  000.046: sourcing /home/brian/.local/share/nvim/site/pack/packer/start/nvim-lspconfig/plugin/nvim_lsp.vim
164.552  000.036  000.036: sourcing /home/brian/.local/share/nvim/site/pack/packer/start/nvim-lsputils/plugin/nvim-lsputils.vim
165.602  001.005  001.005: sourcing /home/brian/.local/share/nvim/site/pack/packer/start/nvim-treesitter/plugin/nvim-treesitter.vim
165.788  000.146  000.146: sourcing /home/brian/.local/share/nvim/site/pack/packer/start/nvim-treesitter/ftdetect/query.vim
167.143  000.024  000.024: sourcing /home/brian/.local/share/nvim/site/pack/packer/start/nvim-treesitter/autoload/nvim_treesitter.vim
167.430  001.593  001.569: sourcing /home/brian/.local/share/nvim/site/pack/packer/start/nvim-treesitter-context/plugin/treesitter-context.vim
168.012  000.521  000.521: sourcing /home/brian/.local/share/nvim/site/pack/packer/start/nvim-treesitter-refactor/plugin/nvim-treesitter-refactor.vim
168.730  000.659  000.659: sourcing /home/brian/.local/share/nvim/site/pack/packer/start/nvim-treesitter-textobjects/plugin/nvim-treesitter-textobjects.vim
168.825  000.031  000.031: sourcing /home/brian/.local/share/nvim/site/pack/packer/start/nvim-web-devicons/plugin/nvim-web-devicons.vim
168.878  000.003  000.003: sourcing /home/brian/.local/share/nvim/site/pack/packer/start/pandoc.nvim/plugin/pandoc.vim
168.925  000.008  000.008: sourcing /home/brian/.local/share/nvim/site/pack/packer/start/pest.vim/ftdetect/pest.vim
170.884  001.925  001.925: sourcing /home/brian/.local/share/nvim/site/pack/packer/start/plenary.nvim/plugin/plenary.vim
170.976  000.030  000.030: sourcing /home/brian/.local/share/nvim/site/pack/packer/start/popfix/plugin/popfix.vim
171.064  000.026  000.026: sourcing /home/brian/.local/share/nvim/site/pack/packer/start/rooter.nvim/plugin/rooter.vim
171.355  000.211  000.211: sourcing /home/brian/.local/share/nvim/site/pack/packer/start/switch.vim/plugin/switch.vim
171.609  000.191  000.191: sourcing /home/brian/.local/share/nvim/site/pack/packer/start/targets.vim/plugin/targets.vim
171.866  000.196  000.196: sourcing /home/brian/.local/share/nvim/site/pack/packer/start/telescope.nvim/plugin/telescope.vim
172.418  000.493  000.493: sourcing /home/brian/.local/share/nvim/site/pack/packer/start/termwrapper.nvim/plugin/termwrapper.vim
172.833  000.056  000.056: sourcing /home/brian/.local/share/nvim/site/pack/packer/start/ultisnips/autoload/UltiSnips/map_keys.vim
172.904  000.430  000.375: sourcing /home/brian/.local/share/nvim/site/pack/packer/start/ultisnips/plugin/UltiSnips.vim
172.945  000.012  000.012: sourcing /home/brian/.local/share/nvim/site/pack/packer/start/ultisnips/ftdetect/snippets.vim
173.097  000.113  000.113: sourcing /home/brian/.local/share/nvim/site/pack/packer/start/vim-commentary/plugin/commentary.vim
173.344  000.199  000.199: sourcing /home/brian/.local/share/nvim/site/pack/packer/start/vim-cool/plugin/cool.vim
174.952  001.556  001.556: sourcing /home/brian/.local/share/nvim/site/pack/packer/start/vim-devicons/plugin/webdevicons.vim
175.147  000.132  000.132: sourcing /home/brian/.local/share/nvim/site/pack/packer/start/vim-easy-align/plugin/easy_align.vim
175.493  000.297  000.297: sourcing /home/brian/.local/share/nvim/site/pack/packer/start/vim-exchange/plugin/exchange.vim
175.846  000.300  000.300: sourcing /home/brian/.local/share/nvim/site/pack/packer/start/vim-floaterm/plugin/floaterm.vim
177.076  001.178  001.178: sourcing /home/brian/.local/share/nvim/site/pack/packer/start/vim-fugitive/plugin/fugitive.vim
177.126  000.010  000.010: sourcing /home/brian/.local/share/nvim/site/pack/packer/start/vim-fugitive/ftdetect/fugitive.vim
177.305  000.038  000.038: sourcing /home/brian/.local/share/nvim/site/pack/packer/start/vim-matchup/autoload/matchup/unmatchit.vim
177.818  000.010  000.010: sourcing /usr/share/nvim/runtime/plugin/matchparen.vim
178.664  000.184  000.184: sourcing /home/brian/.local/share/nvim/site/pack/packer/start/vim-matchup/autoload/matchup.vim
178.829  000.086  000.086: sourcing /home/brian/.local/share/nvim/site/pack/packer/start/vim-matchup/autoload/matchup/perf.vim
179.437  000.283  000.283: sourcing /home/brian/.local/share/nvim/site/pack/packer/start/vim-matchup/autoload/matchup/loader.vim
180.038  000.366  000.366: sourcing /home/brian/.local/share/nvim/site/pack/packer/start/vim-matchup/autoload/matchup/matchparen.vim
181.023  003.857  002.891: sourcing /home/brian/.local/share/nvim/site/pack/packer/start/vim-matchup/plugin/matchup.vim
181.169  000.080  000.080: sourcing /home/brian/.local/share/nvim/site/pack/packer/start/vim-pasta/plugin/pasta.vim
181.818  000.538  000.538: sourcing /home/brian/.local/share/nvim/site/pack/packer/start/vim-sandwich/plugin/operator/sandwich.vim
181.981  000.146  000.146: sourcing /home/brian/.local/share/nvim/site/pack/packer/start/vim-sandwich/plugin/sandwich.vim
182.128  000.132  000.132: sourcing /home/brian/.local/share/nvim/site/pack/packer/start/vim-sandwich/plugin/textobj/sandwich.vim
182.266  000.086  000.086: sourcing /home/brian/.local/share/nvim/site/pack/packer/start/vim-smoothie/plugin/smoothie.vim
182.348  000.024  000.024: sourcing /home/brian/.local/share/nvim/site/pack/packer/start/vim-snippets/plugin/vimsnippets.vim
182.827  000.349  000.349: sourcing /home/brian/.local/share/nvim/site/pack/packer/start/vim-textobj-user/autoload/textobj/user.vim
184.235  001.831  001.482: sourcing /home/brian/.local/share/nvim/site/pack/packer/start/vim-textobj-comment/plugin/textobj/comment.vim
185.268  000.964  000.964: sourcing /home/brian/.local/share/nvim/site/pack/packer/start/vim-textobj-entire/plugin/textobj/entire.vim
190.858  005.522  005.522: sourcing /home/brian/.local/share/nvim/site/pack/packer/start/vim-unimpaired/plugin/unimpaired.vim
191.413  000.495  000.495: sourcing /home/brian/.local/share/nvim/site/pack/packer/start/vim-vsnip/plugin/vsnip.vim
191.603  000.112  000.112: sourcing /home/brian/.local/share/nvim/site/pack/packer/start/vim-vsnip-integ/plugin/vsnip_integ.vim
191.673  003.337: loading packages
191.804  000.017  000.017: sourcing /home/brian/.local/share/nvim/site/pack/packer/start/vim-vsnip-integ/autoload/vsnip_integ/integration.vim
191.885  000.036  000.036: sourcing /home/brian/.local/share/nvim/site/pack/packer/start/vim-vsnip-integ/autoload/vsnip_integ/detection.vim
193.143  001.400  001.347: sourcing /home/brian/.local/share/nvim/site/pack/packer/start/vim-vsnip-integ/after/plugin/vsnip_integ.vim
193.212  000.007  000.007: sourcing /home/brian/.local/share/nvim/site/pack/packer/start/vim-matchup/after/plugin/matchit.vim
193.349  000.101  000.101: sourcing /home/brian/.local/share/nvim/site/pack/packer/start/ultisnips/after/plugin/UltiSnips_after.vim
193.786  000.396  000.396: sourcing /home/brian/.local/share/nvim/site/pack/packer/start/indentLine/after/plugin/indentLine.vim
195.003  001.162  001.162: sourcing /home/brian/.local/share/nvim/site/pack/packer/start/completion-buffers/after/plugin/completion_buffers.vim
195.048  000.311: loading after plugins
195.059  000.011: inits 3
198.257  003.199: reading ShaDa
199.387  000.028  000.028: sourcing /home/brian/.local/share/nvim/site/pack/packer/start/vim-matchup/autoload/matchup/re.vim
199.945  001.660: opening buffers
202.820  002.875: BufEnter autocommands
202.826  000.006: editing files in windows
202.975  000.149: VimEnter autocommands
203.398  000.239  000.239: sourcing /home/brian/.local/share/nvim/site/pack/packer/start/firenvim/autoload/firenvim.vim
203.419  000.205: UIEnter autocommands
203.834  000.191  000.191: sourcing /usr/share/nvim/runtime/autoload/provider/clipboard.vim
203.839  000.229: before starting main loop
204.066  000.081  000.081: sourcing /home/brian/.local/share/nvim/site/pack/packer/start/vim-matchup/autoload/matchup/pos.vim
205.058  001.139: first screen update
205.061  000.002: --- NVIM STARTED ---
